3.82624e-06
3.82624e-06
3.82624e-06
3.82624e-06
3.82624e-06
3.82624e-06
3.82624e-06
3.82624e-06
3.82624e-06
3.82624e-06
3.82624e-06
3.82624e-06
3.82624e-06
3.82624e-06
3.82624e-06
3.82624e-06
3.82624e-06
3.82624e-06
3.82624e-06
3.62156e-06
3.62156e-06
3.62156e-06
3.62156e-06
3.62156e-06
3.62156e-06
3.62156e-06
3.62156e-06
3.62156e-06
3.62156e-06
3.62156e-06
3.62156e-06
3.62156e-06
3.62156e-06
3.62156e-06
3.62156e-06
3.62156e-06
3.62156e-06
3.62156e-06
3.62156e-06
3.62156e-06
3.62156e-06
3.62156e-06
3.62156e-06
3.62156e-06
3.62156e-06
3.62156e-06
3.62156e-06
3.62156e-06
3.62156e-06
3.62156e-06
3.62156e-06
3.62156e-06
3.62156e-06
3.62156e-06
3.62156e-06
3.62156e-06
3.62156e-06
3.62156e-06
3.62156e-06
3.62156e-06
3.62156e-06
3.62156e-06
3.62156e-06
3.62156e-06
3.62156e-06
3.62156e-06
3.62156e-06
3.62156e-06
3.62156e-06
3.62156e-06
3.62156e-06
3.62156e-06
3.62156e-06
3.62156e-06
3.62156e-06
3.62156e-06
3.62156e-06
3.62156e-06
3.62156e-06
3.62156e-06
3.62156e-06
3.62156e-06
3.62156e-06
3.62156e-06
3.62156e-06
3.62156e-06
3.62156e-06
3.62156e-06
3.62156e-06
3.62156e-06
3.62156e-06
3.62156e-06
3.62156e-06
3.62156e-06
3.62156e-06
3.62156e-06
3.62156e-06
3.62156e-06
3.62156e-06
3.62156e-06
3.62156e-06
3.62156e-06
3.62156e-06
3.62156e-06
3.62156e-06
3.62156e-06
3.62156e-06
3.62156e-06
3.62156e-06
3.62156e-06
3.62156e-06
3.62156e-06
3.62156e-06
3.62156e-06
3.62156e-06
3.62156e-06
3.62156e-06
3.62156e-06
3.62156e-06
3.62156e-06
3.62156e-06
3.62156e-06
3.62156e-06
3.62156e-06
3.62156e-06
3.62156e-06
3.62156e-06
3.62156e-06
3.62156e-06
3.62156e-06
3.62156e-06
3.62156e-06
3.62156e-06
3.62156e-02.72861e-06
2.72861e-06
2.72861e-06
2.72861e-06
2.72861e-06
2.72861e-06
2.72861e-06
2.72861e-06
2.72861e-06
2.72861e-06
2.72861e-06
2.72861e-06
2.72861e-06
2.72861e-06
2.72861e-06
2.72861e-06
2.72861e-06
2.72861e-06
2.72861e-06
2.72861e-06
2.72861e-06
2.72861e-06
2.72861e-06
2.72861e-06
2.72861e-06
2.72861e-06
2.72861e-06
2.72861e-06
2.72861e-06
2.72861e-06
2.72861e-06
2.72861e-06
2.72861e-06
2.72861e-06
2.72861e-06
2.72861e-06
2.72861e-06
2.72861e-06
2.72861e-06
2.72861e-06
2.72861e-06
2.72861e-06
2.72861e-06
2.72861e-06
2.72861e-06
2.72861e-06
2.72861e-06
2.72861e-06
2.72861e-06
2.72861e-06
2.72861e-06
2.72861e-06
2.72861e-06
2.72861e-06
2.72861e-06
2.72861e-06
2.72861e-06
2.72861e-06
2.72861e-06
2.72861e-06
2.72861e-06
2.72861e-06
2.72861e-06
2.72861e-06
2.72861e-06
2.72861e-06
2.72861e-06
2.72861e-06
2.72861e-06
2.72861e-06
2.72861e-06
2.72861e-06
2.72861e-06
2.72861e-06
2.72861e-06
2.72861e-06
2.72861e-06
2.72861e-06
2.72861e-06
2.72861e-06
2.72861e-06
2.72861e-06
2.72861e-06
2.72861e-06
2.72861e-06
2.72861e-06
2.72861e-06
2.72861e-06
2.72861e-06
2.72861e-06
2.72861e-06
2.72861e-06
2.72861e-06
2.72861e-06
2.03837e-06
2.03837e-06
2.03837e-06
4.01341e-06
4.01341e-06
4.01341e-06
4.01341e-06
4.01341e-06
4.01341e-06
4.01341e-06
4.01341e-06
4.01341e-06
4.01341e-06
4.01341e-06
4.01341e-06
4.01341e-06
4.01341e-06
4.01341e-06
2.79802e-06
2.79802e-06
2.79802e-06
2.79802e-06
2.79802e-06
2.59354e-06
2.59354e-06
2.59354e-06
2.59354e-06
3.92249e-06
3.92249e-06
3.92249e-06
3.92249e-06
3.05151e-06
3.05151e-06
3.05151e-06
2.79167e-06
2.79167e-06
2.79167e-06
2.79167e-06
2.79167e-06
2.58537e-06
2.58537e-06
2.58537e-06
2.58537e-06
2.37465e-06
2.37465e-06
2.37465e-06
2.37465e-06
2.37465e-06
2.37465e-06
2.37465e-06
2.37465e-06
2.37465e-06
2.37465e-06
2.37465e-06
2.37465e-06
2.37465e-06
2.37465e-06
2.37465e-06
2.37465e-06
2.37465e-06
2.37465e-06
2.37465e-06
2.37465e-06
1.91717e-06
1.91717e-06
1.91717e-06
1.91445e-06
1.91445e-06
1.91445e-06
1.91445e-06
1.91445e-06
1.91445e-06
1.91445e-06
1.91445e-06
1.91445e-06
1.91445e-06
1.91445e-06
1.91445e-06
1.91445e-06
1.91445e-06
1.91445e-06
1.91445e-06
1.91445e-06
1.91445e-06
1.91445e-06
1.91445e-06
1.91445e-06
1.91445e-06
1.91445e-06
1.91445e-06
1.91445e-06
1.91445e-06
1.91445e-06
1.91445e-06
1.91445e-06
1.91445e-06
1.91445e-06
1.91445e-06
1.91445e-06
1.91445e-06
1.91445e-06
1.91445e-06
1.91445e-06
1.91445e-06
1.91445e-06
1.91445e-06
1.91445e-06
1.91445e-06
1.91445e-06
1.91445e-06
1.91445e-06
1.91445e-06
1.91445e-06
1.91445e-06
1.91445e-06
1.91445e-06
1.91445e-06
1.91445e-06
1.91445e-06
1.91445e-06
1.91445e-06
4.01652e-06
4.01652e-06
4.01652e-06
4.01652e-06
4.01652e-06
4.01652e-06
4.01652e-06
3.39546e-06
3.39546e-06
3.39546e-06
3.39546e-06
3.39546e-06
3.39546e-06
3.39546e-06
3.39546e-06
2.05648e-06
2.05648e-06
2.05648e-06
2.05648e-06
2.05648e-06
2.05648e-06
2.05648e-06
2.05648e-06
2.18102e-06
2.18102e-06
2.18102e-06
2.18102e-06
2.18102e-06
2.18102e-06
2.18102e-06
2.18102e-06
2.18102e-06
2.18102e-06
2.18102e-06
2.18102e-06
2.18102e-06
2.18102e-06
2.18102e-06
2.18102e-06
2.18102e-06
2.18102e-06
2.18102e-06
2.18102e-06
2.18102e-06
2.18102e-06
2.18102e-06
2.18102e-06
2.18102e-06
2.18102e-06
2.18102e-06
2.18102e-06
2.18102e-06
2.18102e-06
2.18102e-06
2.07486e-06
2.07486e-06
2.07486e-06
2.07486e-06
2.63239e-06
2.63239e-06
2.63239e-06
2.63239e-06
2.63239e-06
2.63239e-06
2.63239e-06
2.63239e-06
2.63239e-06
2.63239e-06
2.63239e-06
2.63239e-06
2.63239e-06
2.78925e-06
2.78925e-06
2.78925e-06
2.78925e-06
3.52158e-06
3.52158e-06
3.52158e-06
3.52158e-06
3.52158e-06
3.52158e-06
3.52158e-06
3.52158e-06
3.52158e-06
3.52158e-06
3.52158e-06
3.52158e-06
2.10677e-06
2.10677e-06
2.10677e-06
2.10677e-06
2.10677e-06
2.10677e-06
2.10677e-06
2.10677e-06
2.10677e-06
2.10677e-06
2.10677e-06
2.10677e-06
2.10677e-06
2.10677e-06
2.10677e-06
2.10677e-06
2.10677e-06
2.10677e-06
2.10677e-06
2.10677e-06
2.10677e-06
2.10677e-06
2.10677e-06
2.10677e-06
2.10677e-06
2.10677e-06
2.10677e-06
2.10677e-06
2.10677e-06
2.10677e-06
2.10677e-06
2.10677e-06
2.10677e-06
2.10677e-06
2.10677e-06
2.10677e-06
2.10677e-06
2.10677e-06
2.10677e-06
2.10677e-06
2.10677e-06
2.10677e-06
2.10677e-06
2.10677e-06
2.10677e-06
2.10677e-06
2.10677e-06
2.10677e-06
2.10677e-06
2.10677e-06
2.10677e-06
2.10677e-06
2.10677e-06
2.10677e-06
3.27673e-06
3.27673e-06
3.27673e-06
3.27673e-06
3.27673e-06
3.27673e-06
3.27673e-06
3.27673e-06
3.27673e-06
3.27673e-06
3.27673e-06
3.27673e-06
3.27673e-06
3.27673e-06
3.27673e-06
3.27673e-06
3.27673e-06
3.27673e-06
3.27673e-06
3.27673e-06
3.27673e-06
3.27673e-06
3.27673e-06
3.27673e-06
3.27673e-06
3.27673e-06
3.27673e-063.18387e-06
3.18387e-06
3.18387e-06
2.92415e-06
2.92415e-06
2.12691e-06
3.78213e-06
3.63416e-06
3.63416e-06
32.0419e-06
3.97141e-06
3.97141e-06
3.97141e-06
3.97141e-06
3.97141e-06
3.97141e-06
3.97141e-06
3.97141e-06
3.97141e-06
3.97141e-06
3.97141e-06
3.97141e-06
3.97141e-06
1.96408e-06
1.96408e-06
1.96408e-06
1.96408e-06
1.96408e-06
1.96408e-06
2.87044e-06
2.87044e-06
2.87044e-06
2.87044e-06
2.87044e-06
2.87044e-06
2.87044e-06
2.87044e-06
2.87044e-06
2.87044e-06
2.87044e-06
2.87044e-06
2.87044e-06
2.87044e-06
2.87044e-06
2.87044e-06
2.87044e-06
2.87044e-06
2.87044e-06
2.87044e-06
2.87044e-06
2.87044e-06
2.87044e-06
2.87044e-06
2.87044e-06
2.87044e-06
2.87044e-06
2.87044e-06
2.87044e-06
2.87044e-06
2.87044e-06
2.87044e-06
2.87044e-06
2.87044e-06
2.87044e-06
2.87044e-06
2.87044e-06
2.87044e-06
2.87044e-06
2.87044e-06
2.87044e-06
2.87044e-06
2.87044e-06
2.87044e-06
2.87044e-06
2.87044e-06
2.87044e-06
2.87044e-06
2.87044e-06
2.87044e-06
2.87044e-06
2.87044e-06
2.87044e-06
3.93876e-06
3.93876e-06
3.93876e-06
3.93876e-06
3.93876e-06
3.93876e-06
3.93876e-06
3.93876e-06
3.93876e-06
3.93876e-06
3.00191e-06
3.00191e-06
3.00191e-06
3.00191e-06
3.00191e-06
3.00191e-06
3.00191e-06
3.00191e-06
2.92811e-06
2.92811e-06
2.92811e-06
2.92811e-06
2.92811e-06
2.92811e-06
3.64357e-06
3.64357e-06
3.64357e-06
2.63227e-06
2.63227e-06
2.63227e-06
2.63227e-06
2.63227e-06
4.05679e-06
4.05679e-06
4.05679e-06
4.05679e-06
4.05679e-06
4.05679e-06
2.92255e-06
2.92255e-06
2.92255e-06
2.92255e-06
2.92255e-06
2.12746e-06
2.12746e-06
2.12746e-06
3.24703e-06
3.24703e-06
3.24703e-06
3.24703e-06
3.24703e-06
3.24703e-06
2.57343e-06
2.57343e-06
2.57343e-06
2.57343e-06
2.57343e-06
2.57343e-06
2.57343e-06
2.57343e-06
2.57343e-06
2.57343e-06
2.57343e-06
2.57343e-06
2.57343e-06
2.57343e-06
2.57343e-06
2.57343e-06
2.57343e-06
2.57343e-06
2.57343e-06
2.57343e-06
2.57343e-06
2.57343e-06
2.57343e-06
2.57343e-06
2.57343e-06
2.57343e-06
2.57343e-06
2.57343e-06
2.57343e-06
2.57343e-06
2.57343e-06
2.57343e-06
2.57343e-06
2.19333e-06
2.19333e-06
2.19333e-06
2.19333e-06
2.19333e-06
2.19333e-06
2.19333e-06
2.19333e-06
2.19333e-06
2.19333e-06
2.19333e-06
2.19333e-06
2.19333e-06
2.19333e-06
2.19333e-06
2.19333e-06
2.19333e-06
2.19333e-06
2.19333e-06
2.19333e-06
2.19333e-06
2.19333e-06
2.19333e-06
2.19333e-06
2.19333e-06
2.19333e-06
2.19333e-06
2.19333e-06
2.19333e-06
4.00387e-06
4.00387e-06
4.00387e-06
1.98125e-06
1.98125e-06
1.98125e-06
2.46989e-06
2.46989e-06
2.46989e-06
2.46989e-06
2.46989e-06
2.46989e-06
3.29758e-06
3.61096e-06
3.61096e-06
3.29364e-06
3.29364e-06
3.29364e-06
3.29364e-06
3.29364e-06
3.29364e-06
3.29364e-06
3.29364e-06
3.29364e-06
3.29364e-06
3.29364e-06
3.29364e-06
3.29364e-06
3.29364e-06
3.29364e-06
2.18812e-06
2.18812e-06
1.94574e-06
1.94574e-06
3.97245e-06
2.17181e-06
3.54666e-06
3.54666e-06
3.54666e-06
3.54666e-06
3.54666e-06
2.16562e-06
2.16562e-06
2.16562e-06
2.16562e-06
2.16562e-06
2.16562e-06
2.16562e-06
2.16562e-06
2.16562e-06
2.16562e-06
2.16562e-06
2.16562e-06
2.16562e-06
2.16562e-06
2.16562e-06
3.67192e-06
3.67192e-06
3.67192e-06
3.67192e-06
3.67192e-06
3.67192e-06
3.67192e-06
3.67192e-06
3.67192e-06
3.67192e-06
3.67192e-06
3.67192e-06
3.67192e-06
3.67192e-06
3.67192e-06
3.67192e-06
3.67192e-06
3.67192e-06
3.67192e-06
3.67192e-06
3.67192e-06
3.67192e-06
3.67192e-06
3.73964e-06
3.73964e-06
3.73964e-06
3.73964e-06
3.73964e-06
3.73964e-06
3.73964e-06
3.73964e-06
3.73964e-06
3.73964e-06
3.73964e-06
3.73964e-06
3.73964e-06
3.73964e-06
3.73964e-06
3.73964e-06
3.05815e-06
3.05815e-06
3.05815e-06
3.05815e-06
3.05815e-06
3.05815e-06
3.05815e-06
3.05815e-06
3.05815e-06
3.05815e-06
3.05815e-06
3.05815e-06
3.05815e-06
3.05815e-06
3.05815e-06
3.05815e-06
3.05815e-06
3.05815e-06
3.05815e-06
3.05815e-06
3.05815e-06
3.05815e-06
3.05815e-06
3.06277e-06
3.06277e-06
3.06277e-06
3.06277e-06
3.06277e-06
3.06277e-06
3.06277e-06
3.06277e-06
3.06277e-06
3.06277e-06
3.06277e-06
3.06277e-06
3.06277e-06
3.06277e-06
3.06277e-06
3.06277e-06
3.37539e-06
3.37539e-06
3.37539e-06
3.37539e-06
3.37539e-06
3.37539e-06
3.37539e-06
3.37539e-06
3.79488e-06
3.79488e-06
3.79488e-06
3.79488e-06
3.79488e-06
2.42205e-06
2.42205e-06
2.42205e-06
2.42205e-06
2.42205e-06
2.42205e-06
2.42205e-06
2.24058e-06
2.24058e-06
2.24058e-06
2.24058e-06
2.24058e-06
2.24058e-06
2.24058e-06
2.24058e-06
2.24058e-06
2.24058e-06
2.24058e-06
2.24058e-06
2.24058e-06
2.24058e-06
2.24058e-06
2.24058e-06
2.24058e-06
2.24058e-06
2.24058e-06
2.24058e-06
2.24058e-06
2.24058e-06
2.24058e-06
2.24058e-06
2.24058e-06
2.24058e-06
2.24058e-06
2.24058e-06
2.24058e-06
2.24058e-06
2.24058e-06
2.24058e-06
2.24058e-06
2.24058e-06
2.24058e-06
2.02539e-06
2.02539e-06
2.02539e-06
2.02539e-06
2.02539e-06
2.02539e-06
2.02539e-06
2.02539e-06
2.02539e-06
2.02539e-06
2.02539e-06
2.0447e-06
2.0447e-06
2.77245e-06
2.77245e-06
3.55943e-06
3.55943e-06
3.55943e-06
3.55943e-06
3.55943e-06
3.55943e-06
2.7032e-06
2.7032e-06
2.7032e-06
2.7032e-06
2.7032e-06
2.7032e-06
2.7032e-06
2.60504e-06
2.60504e-06
2.82717e-06
2.82717e-06
2.82717e-06
2.82717e-06
2.82717e-06
2.82717e-06
2.82717e-06
2.82717e-06
2.82717e-06
2.82717e-06
2.82717e-06
2.82717e-06
2.60708e-06
2.60708e-06
2.60708e-06
2.60708e-06
2.60708e-06
2.60708e-06
2.60708e-06
2.60708e-06
2.60708e-06
2.60708e-06
2.60708e-06
2.60708e-06
2.60708e-06
2.60708e-06
2.00608e-06
2.00608e-06
3.62251e-06
3.62251e-06
3.64382e-06
3.64382e-06
4.10283e-06
4.10283e-06
3.35123e-06
3.35123e-06
3.35123e-06
3.35123e-06
3.35123e-06
3.35123e-06
3.35123e-06
3.35123e-06
3.35123e-06
3.35123e-06
3.35123e-06
4.08186e-06
4.08186e-06
4.08186e-06
4.08186e-06
4.08186e-06
2.39244e-06
2.39244e-06
2.11959e-06
2.11959e-06
2.11959e-06
2.11959e-06
3.02433e-06
3.02433e-06
3.02433e-06
2.36354e-06
2.36354e-06
2.36354e-06
2.36354e-06
2.36354e-06
2.36354e-06
2.55667e-06
2.55667e-06
2.55667e-06
3.09297e-06
3.09297e-06
3.8143e-06
3.8143e-06
3.8143e-06
3.8143e-06
3.8143e-06
3.8143e-06
3.8143e-06
3.8143e-06
3.8143e-06
3.8143e-06
3.8143e-06
2.54062e-06
2.54062e-06
2.54062e-06
2.54062e-06
2.54062e-06
2.54062e-06
2.29351e-06
2.29351e-06
2.29351e-06
2.29351e-06
2.29351e-06
2.29351e-06
3.4747e-06
3.4747e-06
3.4747e-06
3.4747e-06
3.4747e-06
3.4747e-06
3.4747e-06
3.4747e-06
3.4747e-06
3.4747e-06
3.4747e-06
3.4747e-06
3.4747e-06
3.4747e-06
3.4747e-06
3.4747e-06
3.4747e-06
3.4747e-06
3.4747e-06
3.4747e-06
3.4747e-06
3.4747e-06
3.4747e-06
3.4747e-06
3.4747e-06
3.4747e-06
3.4747e-06
3.4747e-06
3.4747e-06
3.4747e-06
3.4747e-06
3.4747e-06
3.4747e-06
3.4747e-06
3.4747e-06
2.32468e-06
2.32468e-06
2.32468e-06
2.33056e-06
2.33056e-06
2.33056e-06
2.33056e-06
2.33056e-06
2.33056e-06
2.33056e-06
2.33056e-06
2.33056e-06
2.33056e-06
2.33056e-06
2.33056e-06
2.33056e-06
2.33056e-06
2.33056e-06
3.04648e-06
3.04648e-06
3.04648e-06
3.04648e-06
3.04648e-06
3.04648e-06
3.04648e-06
3.04648e-06
3.04648e-06
3.04648e-06
3.04648e-06
3.04648e-06
3.04648e-06
3.04648e-06
3.04648e-06
3.04648e-06
3.04648e-06
3.04648e-06
3.04648e-06
3.04648e-06
3.04648e-06
3.04648e-06
3.04648e-06
3.04648e-06
3.04648e-06
3.04648e-06
3.04648e-06
3.04648e-06
3.04648e-06
3.04648e-06
3.04648e-06
3.04648e-06
3.04648e-06
3.04648e-06
3.04648e-06
3.04648e-06
3.04648e-06
3.04648e-06
3.04648e-06
3.04648e-06
3.04648e-06
3.04648e-06
3.04648e-06
3.04648e-06
3.04648e-06
3.04648e-06
3.04648e-06
3.04648e-06
3.04648e-06
3.04648e-06
3.04648e-06
3.04648e-06
3.04648e-06
3.04648e-06
3.04648e-06
3.04648e-06
3.04648e-06
3.04648e-06
3.04648e-06
3.04648e-06
3.04648e-06
3.04648e-06
3.04648e-06
3.04648e-06
3.04648e-06
3.04648e-06
3.04648e-06
3.04648e-06
3.04648e-06
3.04648e-06
3.04648e-06
3.04648e-06
3.04648e-06
3.04648e-06
3.04648e-06
3.04648e-06
3.04648e-06
3.04648e-06
3.04648e-06
3.04648e-06
3.04648e-06
3.04648e-06
3.04648e-06
3.04648e-06
3.04648e-06
3.04648e-06
3.04648e-06
3.04648e-06
3.04648e-06
3.04648e-06
3.04648e-06
3.04648e-06
3.04648e-06
3.04648e-06
3.04648e-06
3.04648e-06
3.04648e-06
3.04648e-06
3.04648e-06
3.04648e-06
3.04648e-06
3.04648e-06
3.04648e-06
3.04648e-06
3.04648e-06
3.04648e-06
3.04648e-06
3.04648e-06
3.04648e-06
3.04648e-06
3.04648e-06
3.04648e-06
3.04648e-06
3.04648e-06
3.04648e-06
3.04648e-06
3.04648e-06
3.04648e-06
3.04648e-06
3.04648e-06
3.04648e-06
3.04648e-06
3.04648e-06
3.04648e-06
3.04648e-06
3.04648e-06
3.04648e-06
3.04648e-06
3.04648e-06
3.04648e-06
3.04648e-06
3.04648e-06
3.04648e-06
3.04648e-06
3.04648e-06
3.04648e-06
3.04648e-06
3.04648e-06
3.04648e-06
3.04648e-06
3.04648e-06
3.04648e-06
3.04648e-06
3.04648e-06
3.04648e-06
3.04648e-06
3.04648e-06
3.04648e-06
3.04648e-06
3.04648e-06
3.04648e-06
3.04648e-06
3.04648e-06
3.04648e-06
3.04648e-06
3.04648e-06
3.04648e-06
3.04648e-06
3.04648e-06
3.04648e-06
3.04648e-06
3.04648e-06
3.04648e-06
3.04648e-06
3.04648e-06
3.04648e-06
3.04648e-06
3.04648e-06
3.04648e-06
3.04648e-06
3.04648e-06
3.04648e-06
3.04648e-06
3.04648e-06
3.04648e-06
3.04648e-06
3.04648e-06
3.04648e-06
3.04648e-06
3.04648e-06
3.04648e-06
3.04648e-06
3.04648e-06
3.04648e-06
3.04648e-06
3.04648e-06
3.04648e-06
3.04648e-06
3.04648e-06
3.04648e-06
3.04648e-06
3.04648e-06
3.04648e-06
3.04648e-06
3.04648e-06
3.04648e-06
3.04648e-06
3.04648e-06
3.04648e-06
3.04648e-06
3.04648e-06
3.04648e-06
3.04648e-06
3.04648e-06
3.04648e-06
3.04648e-06
3.04648e-06
3.04648e-06
3.04648e-06
3.04648e-06
3.04648e-06
3.04648e-06
3.04648e-06
3.04648e-06
3.04648e-06
3.04648e-06
3.04648e-06
3.04648e-06
3.04648e-06
3.04648e-06
3.04648e-06
3.04648e-06
3.04648e-06
3.04648e-06
3.04648e-06
3.04648e-06
3.04648e-06
3.04648e-06
3.04648e-06
3.04648e-06
3.04648e-06
3.04648e-06
3.04648e-06
3.04648e-06
3.04648e-06
3.04648e-06
3.04648e-06
3.04648e-06
3.04648e-06
3.04648e-06
3.04648e-06
3.04648e-06
3.04648e-06
3.04648e-06
3.04648e-06
3.04648e-06
3.04648e-06
3.04648e-06
3.04648e-06
3.04648e-06
3.04648e-06
3.04648e-06
3.04648e-06
3.04648e-06
3.04648e-06
3.04648e-06
3.04648e-06
3.04648e-06
3.04648e-06
3.04648e-06
3.04648e-06
3.04648e-06
3.04648e-06
3.04648e-06
3.04648e-06
3.04648e-06
3.04648e-06
3.04648e-06
3.04648e-06
3.04648e-06
3.04648e-06
3.04648e-06
3.04648e-06
3.04648e-06
3.04648e-06
3.04648e-06
3.04648e-06
3.04648e-06
3.04648e-06
3.04648e-06
3.04648e-06
3.04648e-06
3.04648e-06
3.04648e-06
3.04648e-06
3.04648e-06
3.04648e-06
3.04648e-06
3.04648e-06
3.04648e-06
3.04648e-06
3.04648e-06
3.04648e-06
3.04648e-06
3.04648e-06
3.04648e-06
3.04648e-06
3.04648e-06
3.04648e-06
3.04648e-06
3.04648e-06
3.04648e-06
3.04648e-06
3.04648e-06
3.04648e-06
3.04648e-06
3.04648e-06
3.04648e-06
3.04648e-06
3.04648e-06
3.04648e-06
3.04648e-06
3.04648e-06
3.04648e-06
3.04648e-06
3.04648e-06
3.04648e-06
3.04648e-06
3.04648e-06
3.04648e-06
3.04648e-06
3.04648e-06
3.04648e-06
3.04648e-06
3.04648e-06
3.04648e-06
3.04648e-06
3.04648e-06
3.04648e-06
3.04648e-06
3.04648e-06
3.04648e-06
3.04648e-06
3.04648e-06
3.04648e-06
3.04648e-06
3.04648e-06
3.04648e-06
3.04648e-06
3.04648e-06
3.04648e-06
3.04648e-06
3.04648e-06
3.04648e-06
3.04648e-06
3.04648e-06
3.04648e-06
3.04648e-06
3.04648e-06
3.04648e-06
3.04648e-06
3.04648e-06
3.04648e-06
3.04648e-06
3.04648e-06
3.04648e-06
3.04648e-06
3.04648e-06
3.04648e-06
3.04648e-06
3.04648e-06
3.04648e-06
3.04648e-06
3.04648e-06
3.04648e-06
3.04648e-06
3.04648e-06
3.04648e-06
3.04648e-06
3.04648e-06
3.04648e-06
3.04648e-06
3.04648e-06
3.04648e-06
3.04648e-06
3.04648e-06
3.04648e-06
3.04648e-06
3.04648e-06
3.04648e-06
3.04648e-06
3.04648e-06
3.04648e-06
3.04648e-06
3.04648e-06
3.04648e-06
3.04648e-06
3.04648e-06
3.04648e-06
3.04648e-06
3.04648e-06
3.04648e-06
3.04648e-06
3.04648e-06
3.04648e-06
3.04648e-06
3.04648e-06
3.04648e-06
3.04648e-06
3.04648e-06
3.04648e-06
3.04648e-06
3.04648e-06
3.04648e-06
3.04648e-06
3.04648e-06
3.04648e-06
3.04648e-06
3.04648e-06
3.04648e-06
3.04648e-06
3.04648e-06
3.04648e-06
3.04648e-06
3.04648e-06
3.04648e-06
3.04648e-06
3.04648e-06
3.04648e-06
3.04648e-06
3.04648e-06
3.04648e-06
3.04648e-06
3.04648e-06
3.04648e-06
3.04648e-06
3.04648e-06
3.04648e-06
3.04648e-06
3.04648e-06
3.04648e-06
3.04648e-06
3.04648e-06
3.04648e-06
3.04648e-06
3.04648e-06
3.04648e-06
3.04648e-06
3.04648e-06
3.04648e-06
3.04648e-06
3.04648e-06
3.04648e-06
3.04648e-06
3.04648e-06
3.04648e-06
3.04648e-06
3.04648e-06
3.04648e-06
3.04648e-06
3.04648e-06
3.04648e-06
3.04648e-06
3.04648e-06
3.11627e-06
3.11627e-06
3.11627e-06
3.11627e-06
3.11627e-06
3.11627e-06
2.27638e-06
2.27638e-06
2.27638e-06
2.27638e-06
2.27638e-06
2.27638e-06
2.27638e-06
2.27638e-06
2.27638e-06
2.27638e-06
2.27638e-06
2.27638e-06
2.27638e-06
2.27638e-06
2.27638e-06
2.27638e-06
2.27638e-06
2.27638e-06
2.27638e-06
2.27638e-06
2.27638e-06
2.82732e-06
2.82732e-06
2.82732e-06
2.82732e-06
2.82732e-06
2.82732e-06
2.82732e-06
2.82732e-06
2.82732e-06
2.82732e-06
2.82732e-06
2.82732e-06
2.82732e-06
2.82732e-06
2.82732e-06
2.82732e-06
2.82732e-06
2.82732e-06
2.82732e-06
2.82732e-06
2.82732e-06
2.82732e-06
2.82732e-06
2.82732e-06
2.82732e-06
2.82732e-06
2.82732e-06
2.82732e-06
2.82732e-06
2.82732e-06
2.82732e-06
2.82732e-06
2.82732e-06
2.82732e-06
2.82732e-06
2.82732e-06
2.82732e-06
2.82732e-06
2.82732e-06
2.82732e-06
2.82732e-06
2.82732e-06
2.82732e-06
2.82732e-06
2.82732e-06
2.82732e-06
2.82732e-06
2.82732e-06
2.82732e-06
2.82732e-06
2.82732e-06
2.82732e-06
2.82732e-06
2.82732e-06
2.82732e-06
2.82732e-06
2.82732e-06
2.82732e-06
2.82732e-06
2.82732e-06
2.82732e-06
2.82732e-06
2.82732e-06
2.82732e-06
2.82732e-06
2.82732e-06
2.82732e-06
2.82732e-06
2.82732e-06
2.82732e-06
2.82732e-06
2.82732e-06
2.83143e-06
2.83143e-06
2.83143e-06
2.49224e-06
2.49224e-06
2.49224e-06
2.49224e-06
3.99401e-06
3.99401e-06
3.99401e-06
3.99401e-06
3.99401e-06
3.99401e-06
3.99401e-06
3.99401e-06
3.92906e-06
3.92906e-06
3.92906e-06
3.92906e-06
3.92906e-06
3.92906e-06
3.92906e-06
3.92906e-06
3.92906e-06
3.92906e-06
3.92906e-06
3.92906e-06
3.92906e-06
3.92906e-06
3.92906e-06
3.92906e-06
3.92906e-06
3.92906e-06
3.92906e-06
3.92906e-06
3.92906e-06
3.92906e-06
3.92906e-06
3.92906e-06
3.92906e-06
3.92906e-06
3.3292e-06
3.3292e-06
3.3292e-06
3.3292e-06
3.47203e-06
3.47203e-06
3.47203e-06
3.47203e-06
3.68215e-06
3.68215e-06
3.68215e-06
3.68215e-06
3.11128e-06
3.11128e-06
3.11128e-06
3.12406e-06
3.12406e-06
3.12406e-06
3.12406e-06
3.12406e-06
3.12406e-06
3.12406e-06
3.12406e-06
3.12406e-06
3.12406e-06
3.12406e-06
3.12406e-06
3.12406e-06
3.12406e-06
3.12406e-06
3.12406e-06
3.12406e-06
3.8898e-06
3.8898e-06
3.8898e-06
3.8898e-06
3.8898e-06
3.6301e-06
3.6301e-06
3.6301e-06
3.69875e-06
3.69875e-06
3.69875e-06
3.69875e-06
3.69875e-06
3.69875e-06
3.69875e-06
3.69875e-06
3.69875e-06
3.69875e-06
3.69875e-06
3.69875e-06
3.69875e-06
3.69875e-06
3.69875e-06
3.69875e-06
3.69875e-06
3.91311e-06
3.91311e-06
3.91311e-06
3.91311e-06
3.22539e-06
3.22539e-06
3.22539e-06
3.22539e-06
3.22539e-06
3.22539e-06
3.22539e-06
3.22539e-06
3.22539e-06
3.22539e-06
3.22539e-06
3.22539e-06
3.22539e-06
3.22539e-06
3.22539e-06
4.05895e-06
4.05895e-06
4.05895e-06
4.05895e-06
4.05895e-06
4.05895e-06
4.05895e-06
4.08451e-06
4.08451e-06
4.08451e-06
4.08451e-06
4.08451e-06
4.08451e-06
4.08451e-06
2.00416e-06
2.00416e-06
2.00416e-06
2.00416e-06
2.00416e-06
2.67509e-06
2.67509e-06
2.67509e-06
2.67509e-06
2.67509e-06
2.67509e-06
2.67509e-06
2.67509e-06
2.67509e-06
2.67509e-06
2.67509e-06
2.67509e-06
2.67509e-06
2.67509e-06
2.67509e-06
2.67509e-06
2.67509e-06
2.67509e-06
2.67509e-06
2.67509e-06
2.67509e-06
2.67509e-06
2.67509e-06
2.67509e-06
2.67509e-06
2.67509e-06
2.67509e-06
2.67509e-06
2.67509e-06
2.67509e-06
2.67509e-06
2.67509e-06
2.67509e-06
2.67509e-06
2.67509e-06
2.67509e-06
2.67509e-06
2.67509e-06
2.67509e-06
2.67509e-06
2.67509e-06
2.67509e-06
2.67509e-06
2.67509e-06
3.91104e-06
3.91104e-06
3.91104e-06
3.86936e-06
3.86936e-06
3.86936e-06
3.86936e-06
3.86936e-06
3.86936e-06
3.86936e-06
3.86936e-06
3.86936e-06
3.86936e-06
3.86936e-06
3.86936e-06
3.86936e-06
2.2435e-06
2.2435e-06
2.2435e-06
2.2435e-06
2.2435e-06
2.2435e-06
2.2435e-06
2.2435e-06
2.2435e-06
2.2435e-06
2.2435e-06
2.2435e-06
2.48952e-06
2.48952e-06
2.76854e-06
2.76854e-06
2.76854e-06
2.76854e-06
2.76854e-06
2.76854e-06
2.76854e-06
2.76854e-06
2.76854e-06
2.76854e-06
2.76854e-06
2.76854e-06
2.76854e-06
2.76854e-06
2.76854e-06
2.76854e-06
2.76854e-06
2.76854e-06
2.76854e-06
4.08349e-06
4.08349e-06
4.08349e-06
4.08349e-06
4.08349e-06
4.08349e-06
4.08349e-06
4.08349e-06
4.08349e-06
4.08349e-06
4.08349e-06
4.08349e-06
4.08349e-06
4.08349e-06
4.08349e-06
4.08349e-06
4.08349e-06
4.08349e-06
4.08349e-06
4.08349e-06
4.08349e-06
4.08349e-06
4.08349e-06
4.08349e-06
4.08349e-06
4.08349e-06
4.08349e-06
4.08349e-06
4.08349e-06
4.08349e-06
3.17349e-06
3.17349e-06
3.17349e-06
3.17349e-06
3.17349e-06
2.91843e-06
2.91843e-06
2.91843e-06
2.91843e-06
2.91843e-06
2.91843e-06
2.91843e-06
2.91843e-06
2.91843e-06
2.91843e-06
2.91843e-06
2.91843e-06
2.91843e-06
2.91843e-06
2.91843e-06
2.91843e-06
2.91843e-06
2.91843e-06
2.91843e-06
2.91843e-06
2.91843e-06
2.91843e-06
2.91843e-06
2.91843e-06
2.91843e-06
2.91843e-06
2.91843e-06
2.91843e-06
2.91843e-06
2.91843e-06
2.91843e-06
2.4928e-06
2.4928e-06
2.4928e-06
2.4928e-06
2.4928e-06
2.4928e-06
2.4928e-06
2.4928e-06
2.4928e-06
2.4928e-06
2.4928e-06
2.4928e-06
2.64219e-06
2.64219e-06
2.64219e-06
2.64219e-06
3.25979e-06
3.25979e-06
3.79711e-06
3.79711e-06
3.79711e-06
3.79711e-06
3.79711e-06
3.79711e-06
3.79711e-06
3.79711e-06
3.79711e-06
3.79711e-06
3.79711e-06
3.79711e-06
3.79711e-06
3.79711e-06
3.79711e-06
3.79711e-06
2.59034e-06
2.59034e-06
2.59034e-06
2.59034e-06
2.59034e-06
2.59034e-06
2.59034e-06
2.59034e-06
2.59034e-06
2.59034e-06
2.59034e-06
2.59034e-06
2.59034e-06
2.36775e-06
2.36775e-06
2.36775e-06
2.36775e-06
2.36775e-06
2.36775e-06
2.36775e-06
2.36775e-06
2.36775e-06
2.36775e-06
2.36775e-06
2.36775e-06
2.36775e-06
2.36775e-06
2.36775e-06
2.36775e-06
2.36775e-06
2.36775e-06
2.36775e-06
2.36775e-06
2.36775e-06
2.36775e-06
2.32744e-06
2.32744e-06
2.25443e-06
2.25443e-06
2.25443e-06
2.25443e-06
3.94375e-06
3.94375e-06
3.94375e-06
3.94375e-06
3.94375e-06
3.94375e-06
3.94375e-06
3.94375e-06
3.94375e-06
3.94375e-06
3.94375e-06
3.94375e-06
3.94375e-06
3.94375e-06
3.94375e-06
3.94375e-06
3.94375e-06
3.94375e-06
3.94375e-06
3.94375e-06
3.94375e-06
3.94375e-06
3.94375e-06
3.94375e-06
3.94375e-06
3.94375e-06
3.94375e-06
3.94375e-06
3.94375e-06
3.94375e-06
3.94375e-06
3.94375e-06
3.94375e-06
3.94375e-06
3.94375e-06
3.94375e-06
3.94375e-06
3.94375e-06
3.94375e-06
3.94375e-06
3.94375e-06
3.94375e-06
3.94375e-06
3.94375e-06
3.94375e-06
3.94375e-06
3.94375e-06
3.94375e-06
3.94375e-06
3.94375e-06
3.94375e-06
3.94375e-06
3.94375e-06
3.94375e-06
3.94375e-06
3.94375e-06
3.94375e-06
3.94375e-06
3.94375e-06
3.94375e-06
3.94375e-06
3.94375e-06
3.94375e-06
3.94375e-06
3.94375e-06
3.94375e-06
3.94375e-06
3.94375e-06
3.94375e-06
3.94375e-06
3.94375e-06
3.94375e-06
3.94375e-06
3.94375e-06
3.94375e-06
3.94375e-06
3.94375e-06
3.94375e-06
3.94375e-06
3.94375e-06
3.94375e-06
3.94375e-06
3.94375e-06
3.94375e-06
3.94375e-06
3.94375e-06
3.94375e-06
3.94375e-06
3.94375e-06
3.94375e-06
3.94375e-06
3.94375e-06
3.94375e-06
3.94375e-06
3.94375e-06
3.94375e-06
3.94375e-06
3.94375e-06
3.94375e-06
3.94375e-06
3.18754e-06
3.18754e-06
3.18754e-06
3.18754e-06
3.18754e-06
3.18754e-06
3.18754e-06
3.18754e-06
3.59615e-06
3.59615e-06
3.59615e-06
3.59615e-06
3.59615e-06
3.59615e-06
3.59615e-06
3.59615e-06
3.59615e-06
3.59615e-06
3.59615e-06
3.10319e-06
3.10319e-06
3.10319e-06
3.10319e-06
3.10319e-06
3.10319e-06
3.55241e-06
3.55241e-06
3.55241e-06
3.55241e-06
3.55241e-06
3.55241e-06
3.55241e-06
3.55241e-06
3.89251e-06
3.89251e-06
3.89251e-06
3.89251e-06
3.89251e-06
3.32713e-06
3.32713e-06
3.32713e-06
3.32713e-06
3.32713e-06
3.32713e-06
3.32713e-06
3.32713e-06
3.32713e-06
3.32713e-06
3.45055e-06
3.45055e-06
3.45055e-06
3.45055e-06
3.45055e-06
3.45055e-06
3.45055e-06
3.45055e-06
3.45055e-06
3.45055e-06
3.45055e-06
3.45055e-06
2.47678e-06
2.47678e-06
2.47678e-06
2.47678e-06
2.17446e-06
2.17446e-06
2.17446e-06
2.17446e-06
2.17446e-06
2.17446e-06
2.17446e-06
2.17446e-06
2.17446e-06
3.88295e-06
3.88295e-06
3.88295e-06
3.88295e-06
3.88295e-06
3.88295e-06
3.88295e-06
3.88295e-06
3.88295e-06
3.88295e-06
3.88295e-06
3.26092e-06
3.26092e-06
3.26092e-06
3.26092e-06
3.26092e-06
3.65784e-06
3.65784e-06
3.65784e-06
3.65784e-06
3.65784e-06
3.65784e-06
3.65784e-06
3.65784e-06
3.65784e-06
3.65784e-06
3.65784e-06
3.65784e-06
3.65784e-06
3.65784e-06
3.65784e-06
3.65784e-06
3.65784e-06
3.65784e-06
3.65784e-06
3.65784e-06
3.65784e-06
3.65784e-06
3.65784e-06
3.65784e-06
3.65784e-06
3.68838e-06
2.77235e-06
2.77235e-06
2.77235e-06
3.87945e-06
3.87945e-06
3.87945e-06
3.87945e-06
3.87945e-06
3.87945e-06
3.87945e-06
3.87945e-06
3.87945e-06
3.87945e-06
3.87945e-06
3.87945e-06
3.87945e-06
3.87945e-06
3.87945e-06
3.87945e-06
3.87945e-06
3.87945e-06
3.87945e-06
3.87945e-06
3.87945e-06
3.87945e-06
3.87945e-06
3.87945e-06
3.87945e-06
3.87945e-06
3.87945e-06
3.87945e-06
3.87945e-06
3.87945e-06
3.87945e-06
3.87945e-06
3.87945e-06
3.87945e-06
3.87945e-06
3.87945e-06
3.87945e-06
3.87945e-06
3.87945e-06
3.87945e-06
3.87945e-06
3.87945e-06
2.56325e-06
2.56325e-06
2.56325e-06
2.56325e-06
3.96622e-06
2.50152e-06
2.50152e-06
2.50152e-06
2.50152e-06
2.50152e-06
2.50152e-06
2.50152e-06
2.50152e-06
2.50152e-06
2.50152e-06
2.50152e-06
2.50152e-06
2.50152e-06
2.50152e-06
2.50152e-06
2.50152e-06
2.50152e-06
2.50152e-06
2.50152e-06
2.50152e-06
2.50152e-06
2.50152e-06
2.50152e-06
2.50152e-06
2.50152e-06
2.50152e-06
2.50152e-06
2.50152e-06
2.50152e-06
2.50152e-06
2.50152e-06
2.50152e-06
2.50152e-06
2.50152e-06
2.50152e-06
2.50152e-06
2.50152e-06
2.50152e-06
2.50152e-06
2.50152e-06
2.50152e-06
2.50152e-06
2.50152e-06
2.50152e-06
2.50152e-06
2.50152e-06
2.50152e-06
2.50152e-06
2.50152e-06
2.50152e-06
2.50152e-06
2.50152e-06
2.50152e-06
2.50152e-06
2.50152e-06
3.35913e-06
3.35913e-06
3.35913e-06
2.32193e-06
2.32193e-06
2.32193e-06
2.32193e-06
2.32193e-06
2.32193e-06
2.32193e-06
2.32193e-06
2.32193e-06
2.32193e-06
2.32193e-06
2.32193e-06
2.32193e-06
2.32193e-06
2.32193e-06
2.32193e-06
4.00703e-06
4.00703e-06
4.00703e-06
4.00703e-06
4.00703e-06
4.00703e-06
4.00703e-06
4.00703e-06
3.47176e-06
3.47176e-06
3.47176e-06
3.47176e-06
3.47176e-06
3.47176e-06
3.72946e-06
3.72946e-06
3.72946e-06
3.72946e-06
3.72946e-06
3.72946e-06
3.91585e-06
3.91585e-06
3.91585e-06
3.91585e-06
3.63936e-06
3.63936e-06
3.63936e-06
3.63936e-06
3.74505e-06
3.74505e-06
3.74505e-06
3.74505e-06
3.74505e-06
3.74505e-06
3.74505e-06
3.74505e-06
3.74505e-06
3.74505e-06
3.74505e-06
3.74505e-06
3.74505e-06
3.74505e-06
3.74505e-06
3.74505e-06
3.74505e-06
3.74505e-06
3.74505e-06
3.74505e-06
3.74505e-06
3.74505e-06
3.74505e-06
3.74505e-06
3.74505e-06
3.74505e-06
3.74505e-06
3.74505e-06
3.74505e-06
3.74505e-06
3.74505e-06
3.74505e-06
3.74505e-06
3.74505e-06
3.74505e-06
3.74505e-06
3.74505e-06
3.74505e-06
3.74505e-06
3.74505e-06
3.74505e-06
3.74505e-06
3.74505e-06
3.74505e-06
3.74505e-06
3.74505e-06
3.74505e-06
3.74505e-06
3.74505e-06
3.74505e-06
3.74505e-06
3.74505e-06
3.74505e-06
3.74505e-06
3.74505e-06
3.74505e-06
3.74505e-06
3.74505e-06
3.74505e-06
3.74505e-06
3.74505e-06
2.63134e-06
2.63134e-06
2.63134e-06
2.63134e-06
2.63134e-06
2.63134e-06
2.63134e-06
2.63134e-06
2.63134e-06
2.63134e-06
2.63134e-06
2.63134e-06
2.63134e-06
2.63134e-06
2.63134e-06
2.63134e-06
2.63134e-06
2.63134e-06
2.63134e-06
2.63134e-06
2.63134e-06
2.63134e-06
2.63134e-06
2.63134e-06
2.63134e-06
2.63134e-06
2.63134e-06
2.63134e-06
2.63134e-06
2.63134e-06
2.63134e-06
2.63134e-06
2.63134e-06
2.63134e-06
2.63134e-06
2.63134e-06
2.63134e-06
2.63134e-06
2.63134e-06
2.63134e-06
2.63134e-06
2.63134e-06
2.63134e-06
2.63134e-06
2.63134e-06
2.04683e-06
2.04683e-06
2.04683e-06
2.04683e-06
2.04683e-06
2.04683e-06
3.44327e-06
3.44327e-06
3.44327e-06
3.44327e-06
2.13337e-06
2.13337e-06
2.13337e-06
2.13337e-06
2.13337e-06
2.13337e-06
2.13337e-06
2.13337e-06
2.13337e-06
2.13337e-06
3.41544e-06
3.41544e-06
3.41544e-06
3.41544e-06
2.85252e-06
2.85252e-06
2.85252e-06
2.85252e-06
2.85252e-06
2.85252e-06
2.85252e-06
4.1291e-06
4.1291e-06
4.1291e-06
4.1291e-06
2.22614e-06
2.22614e-06
2.22614e-06
2.22614e-06
2.22614e-06
2.22614e-06
2.22614e-06
2.22614e-06
3.12336e-06
3.12336e-06
3.12336e-06
3.12336e-06
3.12336e-06
3.12336e-06
3.59022e-06
3.59022e-06
3.59022e-06
3.59022e-06
3.59022e-06
3.59022e-06
3.59022e-06
3.54182e-06
3.54182e-06
3.54182e-06
3.54182e-06
3.16376e-06
3.16376e-06
3.16376e-06
3.16376e-06
3.16376e-06
3.16376e-06
3.16376e-06
3.16376e-06
3.16376e-06
3.16376e-06
3.16376e-06
3.16376e-06
3.16376e-06
3.16376e-06
3.16376e-06
3.16376e-06
3.16376e-06
3.16376e-06
3.16376e-06
2.50476e-06
2.50476e-06
2.50476e-06
2.50476e-06
2.50476e-06
2.50476e-06
2.50476e-06
3.79513e-06
3.79513e-06
3.79513e-06
2.9161e-06
2.9161e-06
2.9161e-06
3.48598e-06
3.48598e-06
3.48598e-06
3.48598e-06
3.48598e-06
2.32592e-06
2.32592e-06
2.32592e-06
2.32592e-06
2.32592e-06
2.32592e-06
3.75894e-06
3.75894e-06
3.75894e-06
3.75894e-06
3.75894e-06
2.59162e-06
2.59162e-06
2.59162e-06
2.59162e-06
2.59162e-06
2.59162e-06
2.59162e-06
2.59162e-06
2.59162e-06
2.59162e-06
2.59162e-06
2.59162e-06
2.59162e-06
2.59162e-06
2.59162e-06
2.59162e-06
2.59162e-06
2.59162e-06
2.59162e-06
2.59162e-06
2.59162e-06
2.59162e-06
2.59162e-06
2.59162e-06
2.59162e-06
2.59162e-06
2.59162e-06
2.59162e-06
2.59162e-06
2.59162e-06
2.59162e-06
2.59162e-06
2.59162e-06
2.59162e-06
2.59162e-06
2.59162e-06
2.59162e-06
2.59162e-06
2.59162e-06
2.59162e-06
2.59162e-06
2.59162e-06
2.59162e-06
2.59162e-06
2.59162e-06
2.59162e-06
2.59162e-06
2.59162e-06
2.59162e-06
2.59162e-06
2.59162e-06
2.59162e-06
2.59162e-06
2.59162e-06
2.59162e-06
2.59162e-06
2.59162e-06
2.59162e-06
2.59162e-06
2.59162e-06
2.59162e-06
2.59162e-06
2.59162e-06
2.59162e-06
2.59162e-06
2.59162e-06
2.59162e-06
2.59162e-06
2.59162e-06
2.59162e-06
2.59162e-06
2.59162e-06
2.59162e-06
2.59162e-06
2.59162e-06
2.59162e-06
2.59162e-06
2.59162e-06
2.59162e-06
2.59162e-06
2.59162e-06
2.59162e-06
2.59162e-06
2.59162e-06
2.59162e-06
2.59162e-06
2.59162e-06
2.59162e-06
2.59162e-06
2.59162e-06
2.59162e-06
2.59162e-06
2.59162e-06
2.59162e-06
2.59162e-06
2.59162e-06
2.59162e-06
2.59162e-06
2.59162e-06
4.13494e-06
4.13494e-06
4.13494e-06
4.13494e-06
4.13494e-06
4.13494e-06
4.13494e-06
3.47936e-06
3.47936e-06
3.47936e-06
3.47936e-06
3.47936e-06
3.47936e-06
3.47936e-06
3.47936e-06
3.47936e-06
3.47936e-06
3.47936e-06
3.47936e-06
3.47936e-06
3.47936e-06
3.47936e-06
3.47936e-06
3.47936e-06
3.47936e-06
3.47936e-06
3.47936e-06
3.47936e-06
3.47936e-06
3.47936e-06
2.74632e-06
2.74632e-06
2.74632e-06
2.74632e-06
2.74632e-06
2.74632e-06
3.03865e-06
3.03865e-06
3.03865e-06
3.03865e-06
3.03865e-06
3.03865e-06
2.46134e-06
2.46134e-06
2.46134e-06
2.46134e-06
2.46134e-06
2.46134e-06
2.46134e-06
3.80068e-06
3.80068e-06
3.80068e-06
3.80068e-06
3.80068e-06
3.80068e-06
3.80068e-06
3.80068e-06
3.80068e-06
3.80068e-06
4.05315e-06
4.05315e-06
4.05315e-06
4.05315e-06
2.57941e-06
2.57941e-06
2.57941e-06
3.88964e-06
3.88964e-06
3.88964e-06
3.88964e-06
3.88964e-06
3.88964e-06
-06
2.69535e-06
2.69535e-06
2.69535e-06
2.69535e-06
2.69535e-06
2.69535e-06
2.69535e-06
2.69535e-06
2.69535e-06
2.69535e-06
3.14804e-06
3.14804e-06
3.14804e-06
3.14804e-06
3.37589e-06
3.37589e-06
3.37589e-06
3.37589e-06
3.37589e-06
3.37589e-06
3.37589e-06
3.37589e-06
3.37589e-06
3.37589e-06
3.37589e-06
3.37589e-06
3.37589e-06
3.37589e-06
3.37589e-06
3.37589e-06
3.37589e-06
3.37589e-06
3.27471e-06
3.27471e-06
3.27471e-06
3.27471e-06
3.27471e-06
3.27471e-06
2.39653e-06
2.39653e-06
2.39653e-06
2.39653e-06
2.39653e-06
06
2.02773e-06
2.02773e-06
3.71941e-06
3.71941e-06
3.71941e-06
3.71941e-06
3.71941e-06
3.71941e-06
3.71941e-06
3.71941e-06
3.71941e-06
3.71941e-06
3.71941e-06
3.71941e-06
2.47793e-06
2.47793e-06
2.47793e-06
2.47793e-06
2.47793e-06
2.47793e-06
2.47793e-06
2.47793e-06
2.47793e-06
2.84884e-06
2.84884e-06
2.84884e-06
2.84884e-06
2.84884e-06
2.84884e-06
2.84884e-06
2.84884e-06
2.84884e-06
2.84884e-06
2.84884e-06
2.84884e-06
2.84884e-06
2.73747e-06
2.73747e-06
2.73747e-06
2.73747e-06
2.73747e-06
2.73747e-06
2.73747e-06
3.33227e-06
3.33227e-06
3.33227e-06
3.33227e-06
3.33227e-06
3.33227e-06
3.33227e-06
3.33227e-06
3.33227e-06
3.33227e-06
3.33227e-06
3.33227e-06
3.33227e-06
3.33227e-06
2.0005e-06
2.0005e-06
2.0005e-06
2.0005e-06
2.0005e-06
2.0005e-06
2.0005e-06
2.0005e-06
2.0005e-06
2.0005e-06
2.0005e-06
2.0005e-06
3.59962e-06
3.59962e-06
3.59962e-06
3.59962e-06
3.59962e-06
3.59962e-06
3.59962e-06
3.59962e-06
3.59962e-06
3.59962e-06
3.59962e-06
3.59962e-06
3.59962e-06
3.59962e-06
3.85092e-06
3.85092e-06
3.85092e-06
3.85092e-06
3.85092e-06
3.85092e-06
3.85092e-06
3.85092e-06
3.85092e-06
3.85092e-06
3.85092e-06
3.85092e-06
3.85092e-06
3.06036e-06
3.06036e-06
3.06036e-06
3.06036e-06
3.06036e-06
3.06036e-06
3.06036e-06
3.27378e-06
3.27378e-06
3.27378e-06
3.27378e-06
3.27378e-06
3.27378e-06
3.27378e-06
3.27378e-06
3.27378e-06
3.27378e-06
2.5018e-06
2.5018e-06
2.5018e-06
2.5018e-06
2.5018e-06
2.5018e-06
2.5018e-06
2.5018e-06
3.78246e-06
3.78246e-06
3.78246e-06
3.78246e-06
3.78246e-06
3.78246e-06
3.78246e-06
2.95836e-06
2.95836e-06
2.95836e-06
2.95836e-06
2.95836e-06
2.95836e-06
2.95836e-06
2.95836e-06
2.95836e-06
2.95836e-06
2.95836e-06
2.95836e-06
2.95836e-06
2.95836e-06
2.12665e-06
2.12665e-06
2.12665e-06
2.12665e-06
2.12665e-06
2.12665e-06
2.12665e-06
2.12665e-06
2.12665e-06
2.12665e-06
2.12665e-06
2.12665e-06
2.12665e-06
2.12665e-06
3.59125e-06
3.59125e-06
3.59125e-06
3.59125e-06
3.59125e-06
3.59125e-06
3.59125e-06
3.59125e-06
3.59125e-06
3.07003e-06
3.07003e-06
3.07003e-06
3.07003e-06
3.07003e-06
3.07003e-06
3.07003e-06
3.90389e-06
3.90389e-06
3.90389e-06
3.90389e-06
3.90389e-06
3.90389e-06
3.90389e-06
3.90389e-06
3.90389e-06
3.90389e-06
3.78174e-06
3.78174e-06
3.78174e-06
3.78174e-06
3.78174e-06
3.78174e-06
3.78174e-06
3.78174e-06
2.23442e-06
2.23442e-06
2.23442e-06
2.23442e-06
2.23442e-06
2.23442e-06
2.23442e-06
2.23442e-06
2.23442e-06
2.23442e-06
2.23442e-06
2.23442e-06
2.23442e-06
2.23442e-06
3.42544e-06
3.42544e-06
3.42544e-06
3.42544e-06
3.42544e-06
3.08021e-06
3.08021e-06
3.08021e-06
3.08021e-06
3.08021e-06
3.08021e-06
3.08021e-06
3.08021e-06
3.08021e-06
3.08021e-06
3.08021e-06
2.11725e-06
2.11725e-06
2.11725e-06
2.11725e-06
2.11725e-06
2.11725e-06
2.11725e-06
2.11725e-06
2.11725e-06
2.11725e-06
2.11725e-06
2.11725e-06
2.11725e-06
2.11725e-06
2.11725e-06
2.11725e-06
2.11725e-06
2.11725e-06
2.11725e-06
2.11725e-06
2.11725e-06
2.11725e-06
2.11725e-06
2.11725e-06
2.11725e-06
2.11725e-06
2.11725e-06
2.11725e-06
2.11725e-06
2.11725e-06
2.11725e-06
2.11725e-06
2.11725e-06
2.11725e-06
2.11725e-06
2.11725e-06
2.11725e-06
2.11725e-06
2.11725e-06
2.11725e-06
2.11725e-06
2.11725e-06
2.11725e-06
2.11725e-06
2.11725e-06
2.11725e-06
2.11725e-06
2.11725e-06
2.11725e-06
3.75343e-06
3.75343e-06
3.75343e-06
3.75343e-06
3.77164e-06
4.00501e-06
4.00501e-06
4.00501e-06
3.04877e-06
3.04877e-06
3.04877e-06
3.04877e-06
3.04877e-06
1.93537e-06
1.93537e-06
3.22889e-06
3.22889e-06
1.95483e-06
1.95483e-06
1.95483e-06
4.06058e-06
4.06058e-06
4.06058e-06
4.06058e-06
4.06058e-06
4.06058e-06
4.06058e-06
4.06058e-06
4.06058e-06
4.06058e-06
3.00452e-06
3.00452e-06
3.00452e-06
3.00452e-06
2.69369e-06
2.69369e-06
2.69369e-06
2.69369e-06
2.69369e-06
2.69369e-06
2.69369e-06
2.69369e-06
2.69369e-06
2.69369e-06
2.69369e-06
2.69369e-06
2.69369e-06
2.69369e-06
2.69369e-06
2.69369e-06
2.69369e-06
2.69369e-06
2.69369e-06
2.69369e-06
2.69369e-06
2.69369e-06
2.69369e-06
2.69369e-06
2.69369e-06
2.69369e-06
2.69369e-06
2.69369e-06
2.69369e-06
2.69369e-06
2.69369e-06
2.69369e-06
2.69369e-06
2.69369e-06
2.69369e-06
2.69369e-06
2.69369e-06
2.69369e-06
2.69369e-06
2.69369e-06
2.69369e-06
2.69369e-06
2.69369e-06
2.69369e-06
2.69369e-06
2.69369e-06
2.69369e-06
2.69369e-06
2.69369e-06
2.69369e-06
2.69369e-06
2.69369e-06
2.69369e-06
2.69369e-06
2.69369e-06
2.69369e-06
2.69369e-06
2.69369e-06
2.69369e-06
2.69369e-06
2.69369e-06
2.69369e-06
2.69369e-06
2.69369e-06
2.69369e-06
2.69369e-06
2.69369e-06
2.69369e-06
2.69369e-06
2.69369e-06
2.69369e-06
2.69369e-06
2.69369e-06
2.69369e-06
2.69369e-06
2.69369e-06
2.69369e-06
2.69369e-06
2.69369e-06
2.69369e-06
2.69369e-06
2.69369e-06
2.69369e-06
2.69369e-06
2.69369e-06
2.69369e-06
2.69369e-06
2.69369e-06
2.69369e-06
2.69369e-06
2.69369e-06
2.69369e-06
2.69369e-06
2.69369e-06
2.69369e-06
2.69369e-06
2.69369e-06
2.69369e-06
2.69369e-06
2.69369e-06
2.69369e-06
2.69369e-06
2.69369e-06
2.69369e-06
2.69369e-06
2.69369e-06
2.69369e-06
2.69369e-06
2.69369e-06
2.69369e-06
2.69369e-06
2.69369e-06
2.69369e-06
2.69369e-06
2.69369e-06
2.69369e-06
2.69369e-06
2.69369e-06
2.69369e-06
2.69369e-06
2.69369e-06
2.69369e-06
2.69369e-06
2.69369e-06
2.69369e-06
2.69369e-06
2.69369e-06
2.69369e-06
2.69369e-06
2.69369e-06
2.69369e-06
2.69369e-06
2.69369e-06
2.69369e-06
2.69369e-06
2.69369e-06
2.69369e-06
2.69369e-06
2.69369e-06
2.69369e-06
2.69369e-06
2.69369e-06
2.69369e-06
2.69369e-06
2.69369e-06
2.69369e-06
2.69369e-06
2.69369e-06
2.69369e-06
2.69369e-06
2.69369e-06
2.69369e-06
2.69369e-06
2.69369e-06
2.69369e-06
2.69369e-06
2.69369e-06
2.69369e-06
2.69369e-06
2.69369e-06
2.69369e-06
2.69369e-06
2.69369e-06
2.69369e-06
2.69369e-06
2.69369e-06
2.69369e-06
2.69369e-06
2.69369e-06
3.94775e-06
3.94775e-06
3.94775e-06
3.94775e-06
3.94775e-06
3.94775e-06
3.94775e-06
3.94775e-06
3.94775e-06
3.94775e-06
3.94775e-06
4.05767e-06
4.05767e-06
4.05767e-06
4.12406e-06
4.12406e-06
4.12406e-06
4.12406e-06
4.12406e-06
4.12406e-06
4.12406e-06
4.12406e-06
4.12406e-06
4.12406e-06
4.12406e-06
4.12406e-06
4.12406e-06
4.12406e-06
4.12406e-06
4.12406e-06
4.12406e-06
4.12406e-06
4.12406e-06
4.12406e-06
2.0929e-06
2.0929e-06
2.0929e-06
2.0929e-06
2.17101e-06
2.17101e-06
3.63283e-06
3.63283e-06
3.63283e-06
3.63283e-06
3.63283e-06
3.63283e-06
3.63283e-06
3.63283e-06
3.63283e-06
3.63283e-06
3.63283e-06
3.63283e-06
3.63283e-06
3.63283e-06
3.63283e-06
3.63283e-06
3.63283e-06
3.63283e-06
3.63283e-06
3.63283e-06
2.05885e-06
2.05885e-06
2.05885e-06
2.05885e-06
2.05885e-06
2.05885e-06
2.05885e-06
2.05885e-06
2.05885e-06
2.05885e-06
2.05885e-06
2.05885e-06
2.8925e-06
2.8925e-06
2.8925e-06
2.8925e-06
2.8925e-06
2.8925e-06
2.8925e-06
2.50636e-06
2.50636e-06
2.50636e-06
2.50636e-06
2.50636e-06
3.57971e-06
3.57971e-06
3.57971e-06
3.57971e-06
3.57971e-06
3.57971e-06
3.57971e-06
3.57971e-06
3.57971e-06
3.57971e-06
3.57971e-06
3.57971e-06
3.57971e-06
3.83437e-06
3.83437e-06
3.83437e-06
3.83437e-06
3.83437e-06
3.83437e-06
3.83437e-06
3.83437e-06
3.01764e-06
3.01764e-06
3.01764e-06
3.01764e-06
3.01764e-06
3.01764e-06
3.01764e-06
3.01764e-06
3.01764e-06
3.01764e-06
3.01764e-06
3.01764e-06
3.01764e-06
3.01764e-06
3.01764e-06
3.01764e-06
3.01764e-06
3.01764e-06
3.01764e-06
3.01764e-06
3.01764e-06
3.01764e-06
3.01764e-06
3.01764e-06
3.01764e-06
3.01764e-06
2.01629e-06
2.01629e-06
2.01629e-06
2.01629e-06
2.01629e-06
2.01629e-06
2.01629e-06
2.01629e-06
2.01629e-06
2.01629e-06
2.01629e-06
2.01629e-06
2.01629e-06
2.01629e-06
2.01629e-06
2.01629e-06
2.01629e-06
2.01629e-06
2.01629e-06
2.01629e-06
2.01629e-06
2.01629e-06
2.01629e-06
2.01629e-06
2.01629e-06
2.01629e-06
3.6548e-06
3.6548e-06
3.6548e-06
3.6548e-06
3.6548e-06
3.6548e-06
3.6548e-06
3.6548e-06
3.6548e-06
3.6548e-06
3.6548e-06
3.6548e-06
3.6548e-06
3.6548e-06
3.6548e-06
3.6548e-06
3.6548e-06
3.6548e-06
3.6548e-06
2.11062e-06
2.11062e-06
2.11062e-06
2.11062e-06
2.11062e-06
2.11062e-06
2.11062e-06
2.11062e-06
2.11062e-06
2.11062e-06
2.11062e-06
2.11062e-06
2.43206e-06
2.43206e-06
2.43206e-06
2.43206e-06
2.43206e-06
2.43206e-06
2.43206e-06
2.43206e-06
3.22579e-06
2.39286e-06
2.39286e-06
2.66189e-06
2.66189e-06
2.66189e-06
2.66189e-06
2.98618e-06
2.98618e-06
2.98618e-06
2.98618e-06
2.98618e-06
2.98618e-06
2.17224e-06
2.17224e-06
3.69976e-06
3.69976e-06
3.69976e-06
2.79753e-06
2.79753e-06
2.79753e-06
3.7397e-06
3.7397e-06
3.7397e-06
3.7397e-06
3.7397e-06
3.7397e-06
3.7397e-06
3.7397e-06
3.7397e-06
3.7397e-06
3.7397e-06
3.7397e-06
3.7397e-06
3.7397e-06
2.57625e-06
2.57625e-06
2.57625e-06
2.57625e-06
2.57625e-06
2.57625e-06
2.57625e-06
2.57625e-06
2.57625e-06
2.57625e-06
2.57625e-06
2.57625e-06
2.57625e-06
2.57625e-06
2.57625e-06
2.57625e-06
2.57625e-06
3.062e-06
3.062e-06
3.062e-06
3.062e-06
3.062e-06
3.062e-06
3.062e-06
3.062e-06
3.062e-06
3.062e-06
3.062e-06
3.062e-06
3.062e-06
2.17234e-06
2.17234e-06
2.17234e-06
2.17234e-06
2.17234e-06
2.17234e-06
2.17234e-06
2.17234e-06
2.17234e-06
2.17234e-06
2.17234e-06
2.17234e-06
2.17234e-06
2.17234e-06
2.17234e-06
2.17234e-06
2.17234e-06
2.17234e-06
2.17234e-06
2.17234e-06
2.17234e-06
2.17234e-06
2.17234e-06
2.17234e-06
2.17234e-06
2.17234e-06
2.17234e-06
2.17234e-06
2.17234e-06
2.17234e-06
2.17234e-06
2.17234e-06
2.17234e-06
2.17234e-06
2.17234e-06
2.17234e-06
2.17234e-06
2.17234e-06
2.17234e-06
2.17234e-06
2.17234e-06
2.17234e-06
2.17234e-06
2.17234e-06
2.17234e-06
2.17234e-06
2.17234e-06
2.17234e-06
2.17234e-06
2.17234e-06
2.17234e-06
2.17234e-06
2.17234e-06
2.17234e-06
2.17234e-06
2.17234e-06
2.17234e-06
2.17234e-06
2.17234e-06
2.17234e-06
2.17234e-06
2.17234e-06
2.17234e-06
2.17234e-06
2.17234e-06
2.17234e-06
2.17234e-06
2.17234e-06
2.17234e-06
2.17234e-06
2.17234e-06
2.17234e-06
2.17234e-06
2.17234e-06
2.17234e-06
2.17234e-06
2.17234e-06
2.17234e-06
2.17234e-06
2.17234e-06
2.17234e-06
2.17234e-06
2.17234e-06
2.17234e-06
2.17234e-06
2.17234e-06
2.17234e-06
2.17234e-06
2.17234e-06
2.17234e-06
2.17234e-06
2.17234e-06
2.17234e-06
2.17234e-06
2.17234e-06
2.17234e-06
2.17234e-06
2.17234e-06
2.17234e-06
2.17234e-06
2.17234e-06
2.17234e-06
2.17234e-06
2.17234e-06
2.17234e-06
2.17234e-06
2.17234e-06
2.17234e-06
2.17234e-06
4.04324e-06
2.01761e-06
2.01761e-06
2.01761e-06
2.01761e-06
2.01761e-06
2.01761e-06
2.01761e-06
2.01761e-06
2.01761e-06
2.01761e-06
2.01761e-06
2.01761e-06
2.01761e-06
3.89301e-06
3.89301e-06
3.89301e-06
2.62843e-06
2.75911e-06
2.75911e-06
2.15745e-06
3.43599e-06
3.08387e-06
3.08387e-06
3.08387e-06
3.08387e-06
3.08387e-06
3.08387e-06
3.08387e-06
3.08387e-06
3.60444e-06
3.25586e-06
3.25586e-06
3.25586e-06
3.25586e-06
2.87647e-06
2.87647e-06
2.87647e-06
1.93337e-06
1.93337e-06
1.93337e-06
1.93337e-06
1.93337e-06
3.74331e-06
3.74331e-06
3.74331e-06
3.96971e-06
3.96971e-06
3.96971e-06
3.96971e-06
3.96971e-06
3.63501e-06
3.63501e-06
3.63501e-06
3.63501e-06
3.63501e-06
3.13726e-06
3.13726e-06
3.13726e-06
2.14815e-06
2.14815e-06
2.14815e-06
3.17309e-06
3.17309e-06
3.41624e-06
3.41624e-06
3.41624e-06
3.41624e-06
3.41624e-06
4.04439e-06
4.04439e-06
4.04439e-06
4.04439e-06
4.04439e-06
4.04439e-06
4.04439e-06
4.04439e-06
4.04439e-06
4.04439e-06
4.04439e-06
4.04439e-06
4.04439e-06
4.04439e-06
4.04439e-06
4.04439e-06
4.04439e-06
4.04439e-06
4.04439e-06
4.04439e-06
4.04439e-06
4.04439e-06
4.04439e-06
3.48464e-06
3.48464e-06
3.48464e-06
3.48464e-06
3.48464e-06
3.48464e-06
3.48464e-06
3.48464e-06
3.48464e-06
3.48464e-06
3.48464e-06
3.48464e-06
3.48464e-06
3.48464e-06
3.48464e-06
3.48464e-06
3.48464e-06
3.48464e-06
3.48464e-06
3.48464e-06
3.48464e-06
3.48464e-06
3.48464e-06
3.48464e-06
3.48464e-06
3.48464e-06
3.48464e-06
3.48464e-06
2.43428e-06
2.43428e-06
2.43428e-06
3.23701e-06
3.23701e-06
3.23701e-06
3.23701e-06
3.23701e-06
3.23701e-06
3.23701e-06
3.23701e-06
3.23701e-06
3.23701e-06
3.23701e-06
3.23701e-06
3.23701e-06
3.23701e-06
3.23701e-06
3.23701e-06
3.3705e-06
3.3705e-06
3.3705e-06
3.3705e-06
3.3705e-06
3.93928e-06
3.93928e-06
3.74233e-06
2.3626e-06
2.3626e-06
2.3626e-06
2.3626e-06
2.3626e-06
2.3626e-06
2.3626e-06
2.3626e-06
2.3626e-06
2.3626e-06
2.3626e-06
2.3626e-06
2.3626e-06
2.3626e-06
2.3626e-06
2.3626e-06
2.3626e-06
2.47132e-06
2.47132e-06
2.47132e-06
2.47132e-06
2.81263e-06
2.81263e-06
2.81263e-06
2.81263e-06
2.81263e-06
2.81263e-06
2.81263e-06
2.81263e-06
2.81263e-06
2.81263e-06
2.81263e-06
2.81263e-06
3.17826e-06
3.17826e-06
3.17826e-06
3.17826e-06
3.17826e-06
3.17826e-06
3.17826e-06
3.17826e-06
3.17826e-06
3.17826e-06
3.17826e-06
3.17826e-06
3.17826e-06
3.17826e-06
3.17826e-06
3.17826e-06
3.17826e-06
3.17826e-06
3.17826e-06
3.17826e-06
3.95059e-06
3.95059e-06
3.95059e-06
3.95059e-06
3.95059e-06
3.95059e-06
3.95059e-06
2.97213e-06
2.97213e-06
2.97213e-06
2.97213e-06
2.8861e-06
2.8861e-06
3.4745e-06
3.4745e-06
3.4745e-06
3.4745e-06
3.4745e-06
2.47769e-06
2.47769e-06
2.44249e-06
2.44249e-06
2.44249e-06
3.13718e-06
3.13718e-06
3.80573e-06
3.80573e-06
3.80573e-06
3.80573e-06
3.80573e-06
3.80573e-06
3.80573e-06
3.80573e-06
3.80573e-06
3.80573e-06
3.80573e-06
3.80573e-06
3.80573e-06
3.80573e-06
3.80573e-06
3.80573e-06
3.80573e-06
3.80573e-06
3.80573e-06
3.80573e-06
3.80573e-06
3.80573e-06
3.80573e-06
3.80573e-06
3.80573e-06
3.80573e-06
3.80573e-06
3.80573e-06
3.80573e-06
3.80573e-06
3.80573e-06
3.80573e-06
3.80573e-06
3.80573e-06
3.80573e-06
3.80573e-06
3.80573e-06
3.80573e-06
3.80573e-06
3.80573e-06
3.80573e-06
3.80573e-06
3.80573e-06
3.80573e-06
3.80573e-06
3.80573e-06
3.80573e-06
3.80573e-06
3.80573e-06
3.80573e-06
3.80573e-06
3.80573e-06
3.80573e-06
3.80573e-06
3.80573e-06
3.80573e-06
3.80573e-06
3.80573e-06
3.80573e-06
3.80573e-06
3.80573e-06
3.80573e-06
3.80573e-06
3.80573e-06
3.80573e-06
3.80573e-06
3.80573e-06
3.80573e-06
3.80573e-06
2.67474e-06
2.67474e-06
2.67474e-06
2.67474e-06
2.67474e-06
3.37893e-06
3.37893e-06
3.37893e-06
3.37893e-06
3.37893e-06
2.22844e-06
2.22844e-06
2.22844e-06
2.22844e-06
2.22844e-06
2.22844e-06
2.22844e-06
2.22844e-06
2.22844e-06
3.42255e-06
3.42255e-06
3.42255e-06
3.42255e-06
3.42255e-06
3.42255e-06
3.42255e-06
4.03572e-06
4.03572e-06
4.03572e-06
4.03572e-06
4.03572e-06
4.03572e-06
3.19911e-06
3.19911e-06
3.19911e-06
3.19911e-06
3.19911e-06
3.19911e-06
3.19911e-06
3.19911e-06
3.19911e-06
3.19911e-06
3.19911e-06
3.19911e-06
3.19911e-06
3.19911e-06
3.19911e-06
3.19911e-06
3.19911e-06
3.19911e-06
3.19911e-06
3.19911e-06
3.19911e-06
3.19911e-06
3.19911e-06
3.19911e-06
3.19911e-06
3.19911e-06
3.19911e-06
3.19911e-06
3.19911e-06
3.19911e-06
3.19911e-06
3.19911e-06
3.19911e-06
3.19911e-06
3.19911e-06
3.19911e-06
3.19911e-06
3.19911e-06
3.19911e-06
3.19911e-06
3.19911e-06
3.19911e-06
3.19911e-06
3.19911e-06
3.19911e-06
3.19911e-06
3.19911e-06
3.19911e-06
3.19911e-06
3.19911e-06
3.19911e-06
3.19911e-06
3.19911e-06
3.19911e-06
3.19911e-06
3.19911e-06
3.19911e-06
1.99564e-06
3.24956e-06
3.24956e-06
3.24956e-06
3.24956e-06
3.24956e-06
3.24956e-06
3.24956e-06
3.24956e-06
3.24956e-06
3.24956e-06
3.24956e-06
3.24956e-06
3.24956e-06
3.24956e-06
3.24956e-06
3.24956e-06
3.24956e-06
3.24956e-06
3.24956e-06
3.24956e-06
3.24956e-06
3.24956e-06
3.24956e-06
3.24956e-06
2.96162e-06
2.96162e-06
2.96162e-06
2.96162e-06
2.16599e-06
2.16599e-06
2.16599e-06
2.16599e-06
2.16599e-06
2.16599e-06
2.16599e-06
2.16599e-06
3.8367e-06
3.8367e-06
3.8367e-06
3.8367e-06
3.8367e-06
3.8367e-06
3.8367e-06
3.8367e-06
3.8367e-06
3.8367e-06
3.8367e-06
3.8367e-06
3.8367e-06
3.8367e-06
3.8367e-06
3.8367e-06
3.8367e-06
3.8367e-06
3.8367e-06
3.8367e-06
3.8367e-06
3.8367e-06
3.8367e-06
3.8367e-06
3.8367e-06
3.8367e-06
3.8367e-06
3.8367e-06
3.8367e-06
3.8367e-06
3.8367e-06
3.8367e-06
3.8367e-06
3.8367e-06
3.8367e-06
3.8367e-06
3.8367e-06
3.8367e-06
3.8367e-06
3.8367e-06
3.8367e-06
3.8367e-06
3.8367e-06
3.8367e-06
3.8367e-06
3.8367e-06
3.8367e-06
3.8367e-06
3.8367e-06
3.8367e-06
3.8367e-06
3.8367e-06
3.8367e-06
3.8367e-06
3.8367e-06
3.8367e-06
3.8367e-06
3.78661e-06
3.78661e-06
3.78661e-06
3.78661e-06
3.78661e-06
3.78661e-06
3.78661e-06
3.78661e-06
3.78661e-06
3.54577e-06
3.54577e-06
3.54577e-06
3.54577e-06
2.87367e-06
2.87367e-06
2.87367e-06
2.87367e-06
2.87367e-06
2.87367e-06
2.87367e-06
2.87367e-06
2.87367e-06
2.87367e-06
2.87367e-06
2.87367e-06
2.87367e-06
2.87367e-06
2.66608e-06
2.66608e-06
2.66608e-06
2.66608e-06
2.66608e-06
2.66608e-06
2.66608e-06
2.66608e-06
2.66608e-06
2.66608e-06
2.66608e-06
2.66608e-06
2.66608e-06
2.3104e-06
2.3104e-06
2.3104e-06
2.3104e-06
2.3104e-06
2.3104e-06
2.3104e-06
3.89545e-06
3.89545e-06
3.89545e-06
3.89545e-06
3.89545e-06
3.89545e-06
3.89545e-06
3.02999e-06
3.02999e-06
3.02999e-06
3.02999e-06
3.02999e-06
2.59472e-06
2.59472e-06
2.59472e-06
2.59472e-06
2.59472e-06
2.59472e-06
2.42489e-06
2.42489e-06
2.42489e-06
2.42489e-06
2.42489e-06
2.42489e-06
2.42489e-06
2.42489e-06
2.42489e-06
2.42489e-06
2.42489e-06
2.42489e-06
2.42489e-06
2.42489e-06
2.42489e-06
2.42489e-06
2.42489e-06
2.42489e-06
2.42489e-06
2.42489e-06
2.42489e-06
2.42489e-06
2.42489e-06
2.42489e-06
2.42489e-06
2.42489e-06
2.42489e-06
2.42489e-06
2.42489e-06
2.42489e-06
2.42489e-06
2.42489e-06
2.42489e-06
2.42489e-06
2.42489e-06
2.42489e-06
2.42489e-06
2.42489e-06
2.48426e-06
2.48426e-06
2.48426e-06
2.48426e-06
2.48426e-06
2.27475e-06
2.27475e-06
2.27475e-06
2.27475e-06
2.90234e-06
2.90234e-06
2.90234e-06
2.90234e-06
2.90234e-06
2.90234e-06
2.90234e-06
2.90234e-06
2.90234e-06
2.90234e-06
2.90234e-06
2.90234e-06
2.90234e-06
2.90234e-06
2.90234e-06
2.90234e-06
2.90234e-06
2.90234e-06
2.90234e-06
2.90234e-06
2.90234e-06
2.90234e-06
2.90234e-06
2.90234e-06
2.90234e-06
2.90234e-06
2.90234e-06
2.90234e-06
2.90234e-06
2.90234e-06
2.90234e-06
2.90234e-06
2.90234e-06
2.90234e-06
2.90234e-06
2.90234e-06
4.09189e-06
4.09189e-06
4.09189e-06
2.68484e-06
2.68484e-06
2.68484e-06
2.68484e-06
2.68484e-06
2.68484e-06
2.83919e-06
2.83919e-06
2.83919e-06
2.83919e-06
2.83919e-06
2.83919e-06
2.83919e-06
2.83919e-06
2.83919e-06
2.83919e-06
2.83919e-06
3.88045e-06
3.88045e-06
3.88045e-06
3.88045e-06
3.00288e-06
3.00288e-06
3.00288e-06
3.00288e-06
3.00288e-06
3.00288e-06
3.00288e-06
3.00288e-06
3.00288e-06
3.8508e-06
3.8508e-06
3.8508e-06
3.8508e-06
3.8508e-06
3.8508e-06
3.8508e-06
3.8508e-06
3.8508e-06
3.8508e-06
2.66902e-06
2.66902e-06
2.66902e-06
2.66902e-06
2.66902e-06
2.66902e-06
2.04074e-06
2.04074e-06
2.04074e-06
2.04074e-06
2.04074e-06
2.04074e-06
2.04074e-06
2.04074e-06
2.04074e-06
2.85436e-06
2.85436e-06
2.85436e-06
2.85436e-06
2.85436e-06
2.85436e-06
2.85436e-06
2.85436e-06
2.85436e-06
2.85436e-06
2.85436e-06
2.85436e-06
3.75588e-06
3.75588e-06
3.75588e-06
3.75588e-06
3.75588e-06
3.75588e-06
3.75588e-06
3.75588e-06
3.75588e-06
3.75588e-06
3.75588e-06
3.75588e-06
3.75588e-06
3.75588e-06
3.75588e-06
3.75588e-06
3.75588e-06
3.75588e-06
3.75588e-06
3.75588e-06
3.75588e-06
3.75588e-06
3.75588e-06
3.75588e-06
3.75588e-06
3.75588e-06
3.75588e-06
3.75588e-06
3.75588e-06
3.75588e-06
3.75588e-06
3.75588e-06
3.75588e-06
3.75588e-06
3.75588e-06
3.75588e-06
3.75588e-06
3.75588e-06
3.75588e-06
3.75588e-06
3.75588e-06
3.75588e-06
3.61763e-06
3.61763e-06
3.61763e-06
3.61763e-06
3.61763e-06
3.61763e-06
3.61763e-06
3.61763e-06
3.61763e-06
3.61763e-06
3.61763e-06
3.61763e-06
3.61763e-06
3.61763e-06
3.61763e-06
3.61763e-06
3.61763e-06
3.61763e-06
3.61763e-06
3.61763e-06
3.61763e-06
3.61763e-06
3.61763e-06
3.61763e-06
3.61763e-06
3.61763e-06
3.61763e-06
3.61763e-06
3.61763e-06
3.84629e-06
3.84629e-06
3.84629e-06
3.84629e-06
3.84629e-06
3.84629e-06
2.32331e-06
2.32331e-06
2.32331e-06
2.32331e-06
2.32331e-06
2.32331e-06
2.32331e-06
2.32331e-06
2.32331e-06
2.32331e-06
2.32331e-06
2.32331e-06
2.32331e-06
2.32331e-06
2.32331e-06
2.32331e-06
2.32331e-06
2.32331e-06
2.32331e-06
2.32331e-06
2.32331e-06
2.32331e-06
2.32331e-06
2.32331e-06
2.32331e-06
2.32331e-06
2.32331e-06
2.32331e-06
2.32331e-06
2.32331e-06
2.32331e-06
2.19286e-06
2.19286e-06
2.19286e-06
2.19286e-06
2.19286e-06
2.19286e-06
2.19286e-06
2.19286e-06
2.19286e-06
2.19286e-06
2.19286e-06
2.19286e-06
2.19286e-06
2.19286e-06
2.19286e-06
2.19286e-06
2.19286e-06
2.19286e-06
2.19286e-06
2.19286e-06
2.19286e-06
2.19286e-06
2.19286e-06
2.19286e-06
2.19286e-06
2.19286e-06
2.19286e-06
2.19286e-06
3.7243e-06
3.7243e-06
3.7243e-06
3.7243e-06
3.7243e-06
3.7243e-06
2.30812e-06
2.30812e-06
2.30812e-06
2.30812e-06
2.30812e-06
4.10865e-06
4.10865e-06
4.10865e-06
4.10865e-06
4.10865e-06
4.10865e-06
4.10865e-06
4.10865e-06
4.10865e-06
4.10865e-06
4.10865e-06
4.10865e-06
4.10865e-06
4.10865e-06
4.10865e-06
4.10865e-06
4.10865e-06
4.10865e-06
4.10865e-06
4.10865e-06
4.10865e-06
4.10865e-06
4.10865e-06
4.10865e-06
4.10865e-06
4.10865e-06
4.10865e-06
4.10865e-06
4.10865e-06
4.10865e-06
4.10865e-06
4.10865e-06
4.10865e-06
4.10865e-06
4.10865e-06
4.10865e-06
4.10865e-06
4.10865e-06
4.10865e-06
4.10865e-06
4.10865e-06
4.10865e-06
4.10865e-06
4.10865e-06
4.10865e-06
4.10865e-06
4.10865e-06
4.10865e-06
4.10865e-06
4.10865e-06
4.10865e-06
4.10865e-06
4.10865e-06
4.10865e-06
4.10865e-06
4.10865e-06
4.10865e-06
4.10865e-06
3.49412e-06
3.49412e-06
3.49412e-06
3.49412e-06
3.49412e-06
3.49412e-06
2.54202e-06
2.54202e-06
2.54202e-06
2.54202e-06
2.54202e-06
2.54202e-06
2.54202e-06
2.54202e-06
2.54202e-06
2.54202e-06
2.54202e-06
2.54202e-06
2.54202e-06
2.54202e-06
2.54202e-06
2.54202e-06
2.54202e-06
2.54202e-06
2.54202e-06
2.54202e-06
2.54202e-06
2.54202e-06
2.54202e-06
2.54202e-06
2.54202e-06
2.54202e-06
2.54202e-06
2.54202e-06
2.54202e-06
2.54202e-06
2.54202e-06
2.54202e-06
2.54202e-06
2.54202e-06
2.54202e-06
2.54202e-06
2.54202e-06
2.54202e-06
2.54202e-06
2.54202e-06
2.54202e-06
2.54202e-06
2.79095e-06
2.79095e-06
2.79095e-06
2.79095e-06
2.79095e-06
2.79095e-06
3.56214e-06
3.56214e-06
3.56214e-06
3.56214e-06
3.56214e-06
3.56214e-06
3.56214e-06
3.56214e-06
3.56214e-06
3.56214e-06
3.56214e-06
3.56214e-06
3.56214e-06
3.56214e-06
3.56214e-06
3.56214e-06
3.56214e-06
3.56214e-06
3.56214e-06
3.56214e-06
3.56214e-06
3.56214e-06
3.56214e-06
3.56214e-06
3.56214e-06
3.56214e-06
3.56214e-06
3.56214e-06
3.56214e-06
3.56214e-06
3.56214e-06
3.56214e-06
3.56214e-06
3.56214e-06
3.56214e-06
3.56214e-06
3.56214e-06
3.56214e-06
3.56214e-06
3.56214e-06
3.56214e-06
3.56214e-06
3.56214e-06
3.56214e-06
3.56214e-06
3.56214e-06
3.56214e-06
3.56214e-06
3.56214e-06
3.56214e-06
3.56214e-06
3.56214e-06
3.56214e-06
3.56214e-06
3.56214e-06
3.56214e-06
3.56214e-06
3.56214e-06
3.56214e-06
3.56214e-06
2.22542e-06
2.22542e-06
2.22542e-06
2.22542e-06
2.22542e-06
2.22542e-06
3.43325e-06
3.43325e-06
3.43325e-06
3.43325e-06
3.43325e-06
3.43325e-06
2.20822e-06
2.20822e-06
2.20822e-06
2.20822e-06
2.20822e-06
2.20822e-06
2.20822e-06
3.87733e-06
3.87733e-06
3.87733e-06
3.87733e-06
3.87733e-06
3.87733e-06
2.77347e-06
2.77347e-06
2.77347e-06
2.77347e-06
2.77347e-06
4.06058e-06
4.06058e-06
4.06058e-06
4.06058e-06
4.06058e-06
4.06058e-06
2.90998e-06
2.90998e-06
2.90998e-06
2.90998e-06
2.90998e-06
2.90998e-06
2.90998e-06
2.90998e-06
2.90998e-06
2.90998e-06
2.90998e-06
2.90998e-06
2.90998e-06
2.90998e-06
2.90998e-06
2.90998e-06
2.90998e-06
2.90998e-06
2.90998e-06
2.90998e-06
2.90998e-06
2.90998e-06
2.49877e-06
2.49877e-06
2.49877e-06
2.49877e-06
2.49877e-06
2.49877e-06
3.24028e-06
3.24028e-06
3.24028e-06
3.24028e-06
3.24028e-06
3.24028e-06
3.24028e-06
2.69039e-06
2.69039e-06
2.69039e-06
2.69039e-06
2.69039e-06
2.69039e-06
2.69039e-06
2.69039e-06
2.69039e-06
2.69039e-06
2.69039e-06
2.69039e-06
2.69039e-06
2.69039e-06
2.69039e-06
2.69039e-06
2.69039e-06
2.69039e-06
2.69039e-06
2.69039e-06
2.69039e-06
2.69039e-06
2.69039e-06
2.69039e-06
2.69039e-06
2.69039e-06
2.69039e-06
2.69039e-06
2.69039e-06
2.69039e-06
2.69039e-06
2.69039e-06
2.69039e-06
2.69039e-06
2.69039e-06
2.69039e-06
2.69039e-06
2.69039e-06
2.69039e-06
2.69039e-06
2.69039e-06
2.69039e-06
2.69039e-06
2.69039e-06
2.69039e-06
2.69039e-06
2.69039e-06
2.69039e-06
2.69039e-06
2.69039e-06
2.69039e-06
2.69039e-06
2.69039e-06
2.69039e-06
2.69039e-06
2.69039e-06
3.98332e-06
3.98332e-06
3.98332e-06
3.98332e-06
3.98332e-06
3.98332e-06
3.98332e-06
2.88307e-06
2.88307e-06
2.88307e-06
2.88307e-06
2.88307e-06
2.88307e-06
3.59365e-06
3.59365e-06
3.59365e-06
3.59365e-06
3.59365e-06
2.00138e-06
2.00138e-06
2.00138e-06
2.00138e-06
2.00138e-06
2.00138e-06
2.00138e-06
2.00138e-06
2.00138e-06
2.00138e-06
2.00138e-06
2.00138e-06
2.14132e-06
2.14132e-06
2.14132e-06
2.14132e-06
2.14132e-06
4.0448e-06
4.0448e-06
4.0448e-06
4.0448e-06
4.0448e-06
4.0448e-06
4.0448e-06
4.0448e-06
4.0448e-06
4.0448e-06
4.0448e-06
4.0448e-06
4.0448e-06
4.0448e-06
4.0448e-06
4.0448e-06
4.0448e-06
4.0448e-06
4.0448e-06
4.0448e-06
4.0448e-06
4.0448e-06
4.0448e-06
4.0448e-06
4.0448e-06
4.0448e-06
4.0448e-06
4.0448e-06
4.0448e-06
4.0448e-06
2.47941e-06
2.47941e-06
2.47941e-06
2.47941e-06
2.47941e-06
2.47941e-06
2.47941e-06
2.35833e-06
2.35833e-06
2.35833e-06
2.35833e-06
2.35833e-06
2.35833e-06
2.35833e-06
2.35833e-06
2.35833e-06
2.35833e-06
2.35833e-06
2.35833e-06
2.35833e-06
2.35833e-06
2.35833e-06
2.35833e-06
2.35833e-06
2.35833e-06
2.35833e-06
2.35833e-06
2.35833e-06
2.35833e-06
2.35833e-06
2.35833e-06
2.35833e-06
2.35833e-06
2.35833e-06
2.35833e-06
2.35833e-06
2.35833e-06
2.35833e-06
2.35833e-06
2.35833e-06
2.35833e-06
2.35833e-06
2.35833e-06
2.35833e-06
2.35833e-06
2.35833e-06
2.35833e-06
2.35833e-06
2.35833e-06
2.35833e-06
2.35833e-06
2.35833e-06
2.35833e-06
2.35833e-06
2.35833e-06
2.35833e-06
2.35833e-06
2.35833e-06
2.35833e-06
2.35833e-06
2.35833e-06
2.35833e-06
2.35833e-06
2.35833e-06
2.35833e-06
2.35833e-06
2.35833e-06
2.35833e-06
2.35833e-06
3.01802e-06
3.01802e-06
3.01802e-06
3.01802e-06
3.01802e-06
3.7886e-06
3.7886e-06
3.7886e-06
3.7886e-06
3.7886e-06
3.7886e-06
2.32087e-06
2.32087e-06
2.32087e-06
2.32087e-06
2.32087e-06
2.32087e-06
2.32087e-06
2.32087e-06
2.32087e-06
2.32087e-06
2.32087e-06
2.32087e-06
2.32087e-06
2.32087e-06
2.32087e-06
2.32087e-06
2.32087e-06
2.32087e-06
2.32087e-06
2.32087e-06
2.32087e-06
2.32087e-06
2.32087e-06
2.32087e-06
2.32087e-06
2.32087e-06
2.32087e-06
2.32087e-06
2.32087e-06
1.97576e-06
1.97576e-06
1.97576e-06
1.97576e-06
1.97576e-06
1.97576e-06
1.97576e-06
1.97576e-06
1.97576e-06
1.97576e-06
1.97576e-06
1.97576e-06
1.97576e-06
3.99992e-06
3.99992e-06
3.99992e-06
3.99992e-06
3.99992e-06
3.99992e-06
3.99992e-06
3.99992e-06
3.99992e-06
3.99992e-06
3.99992e-06
3.99992e-06
3.99992e-06
3.99992e-06
3.99992e-06
3.99992e-06
3.99992e-06
3.99992e-06
3.99992e-06
3.99992e-06
3.99992e-06
3.99992e-06
3.99992e-06
3.99992e-06
3.99992e-06
3.99992e-06
3.99992e-06
3.99992e-06
3.99992e-06
3.99992e-06
3.99992e-06
3.99992e-06
3.99992e-06
3.99992e-06
3.99992e-06
3.99992e-06
3.99992e-06
3.99992e-06
3.99992e-06
3.99992e-06
3.99992e-06
3.99992e-06
3.99992e-06
3.99992e-06
3.99992e-06
3.99992e-06
3.99992e-06
3.99992e-06
3.99992e-06
3.99992e-06
3.99992e-06
3.99992e-06
3.99992e-06
3.99992e-06
3.99992e-06
3.99992e-06
3.99992e-06
3.99992e-06
3.99992e-06
3.99992e-06
2.18625e-06
2.18625e-06
2.18625e-06
2.18625e-06
3.02602e-06
3.02602e-06
3.02602e-06
3.02602e-06
3.02602e-06
3.02602e-06
3.02602e-06
3.02602e-06
3.02602e-06
3.02602e-06
3.02602e-06
3.02602e-06
3.02602e-06
3.02602e-06
3.02602e-06
3.02602e-06
3.02602e-06
3.02602e-06
3.02602e-06
3.02602e-06
3.02602e-06
3.02602e-06
3.02602e-06
3.02602e-06
3.02602e-06
3.02602e-06
3.02602e-06
3.02602e-06
3.02602e-06
3.02602e-06
3.02602e-06
3.02602e-06
3.02602e-06
3.02602e-06
3.02602e-06
3.02602e-06
3.02602e-06
3.02602e-06
3.02602e-06
3.02602e-06
3.02602e-06
3.02602e-06
3.02602e-06
3.02602e-06
3.02602e-06
3.02602e-06
3.02602e-06
3.02602e-06
3.02602e-06
3.02602e-06
3.02602e-06
3.02602e-06
2.69833e-06
2.69833e-06
2.69833e-06
2.69833e-06
2.69833e-06
2.69833e-06
2.69833e-06
3.43621e-06
3.43621e-06
3.43621e-06
3.43621e-06
3.43621e-06
3.43621e-06
3.43621e-06
3.43621e-06
3.43621e-06
3.43621e-06
3.43621e-06
3.43621e-06
3.43621e-06
3.43621e-06
3.43621e-06
3.43621e-06
3.43621e-06
3.43621e-06
3.43621e-06
3.43621e-06
3.43621e-06
3.43621e-06
3.43621e-06
3.43621e-06
3.43621e-06
3.43621e-06
3.43621e-06
3.43621e-06
3.43621e-06
3.43621e-06
3.43621e-06
3.43621e-06
3.43621e-06
3.43621e-06
3.43621e-06
3.43621e-06
3.43621e-06
3.43621e-06
3.43621e-06
3.43621e-06
3.43621e-06
3.43621e-06
3.43621e-06
3.16436e-06
3.16436e-06
3.16436e-06
3.16436e-06
3.16436e-06
3.16436e-06
3.16436e-06
3.16436e-06
3.16436e-06
3.16436e-06
3.16436e-06
3.16436e-06
3.16436e-06
3.16436e-06
3.16436e-06
3.16436e-06
3.16436e-06
3.16436e-06
2.21937e-06
2.21937e-06
2.21937e-06
2.21937e-06
2.21937e-06
2.77419e-06
2.77419e-06
2.77419e-06
2.77419e-06
2.77419e-06
2.77419e-06
2.77419e-06
2.77419e-06
2.77419e-06
2.77419e-06
2.77419e-06
2.77419e-06
2.77419e-06
2.77419e-06
2.82355e-06
2.82355e-06
2.82355e-06
2.82355e-06
2.82355e-06
2.82355e-06
2.82355e-06
1.92297e-06
1.92297e-06
1.92297e-06
1.92297e-06
1.92297e-06
3.79933e-06
3.79933e-06
3.79933e-06
3.79933e-06
3.79933e-06
3.79933e-06
3.79933e-06
3.79933e-06
3.79933e-06
3.79933e-06
3.79933e-06
3.79933e-06
3.79933e-06
3.79933e-06
3.79933e-06
3.79933e-06
3.79933e-06
3.79933e-06
3.79933e-06
3.79933e-06
3.79933e-06
3.79933e-06
3.79933e-06
3.79933e-06
3.79933e-06
3.79933e-06
3.79933e-06
3.79933e-06
3.79933e-06
3.79933e-06
3.79933e-06
3.79933e-06
3.79933e-06
3.4035e-06
3.4035e-06
3.4035e-06
3.4035e-06
4.05622e-06
4.05622e-06
4.05622e-06
4.05622e-06
4.05622e-06
4.10893e-06
4.10893e-06
4.10893e-06
4.10893e-06
4.10893e-06
4.10893e-06
4.10893e-06
4.10893e-06
4.10893e-06
4.10893e-06
4.10893e-06
4.10893e-06
4.10893e-06
4.10893e-06
4.10893e-06
4.10893e-06
4.10893e-06
4.10893e-06
4.10893e-06
4.10893e-06
4.10893e-06
4.10893e-06
4.10893e-06
4.10893e-06
4.10893e-06
4.10893e-06
4.10893e-06
4.10893e-06
4.10893e-06
4.10893e-06
4.10893e-06
4.10893e-06
4.10893e-06
4.10893e-06
4.10893e-06
4.10893e-06
4.10893e-06
3.51164e-06
3.51164e-06
3.51164e-06
3.51164e-06
3.51164e-06
3.51164e-06
3.51164e-06
3.51164e-06
3.51164e-06
3.51164e-06
3.51164e-06
3.51164e-06
3.51164e-06
3.51164e-06
3.51164e-06
3.51164e-06
3.51164e-06
1.90476e-06
1.90476e-06
1.90476e-06
1.90476e-06
1.90476e-06
1.90476e-06
1.90476e-06
1.90476e-06
1.90476e-06
1.90476e-06
1.90476e-06
1.90476e-06
1.90476e-06
1.90476e-06
1.90476e-06
1.90476e-06
1.90476e-06
1.90476e-06
1.90476e-06
1.90476e-06
1.90476e-06
1.90476e-06
1.90476e-06
1.90476e-06
1.90476e-06
1.90476e-06
1.90476e-06
1.90476e-06
1.90476e-06
1.90476e-06
1.90476e-06
1.90476e-06
1.90476e-06
2.34406e-06
2.34406e-06
2.34406e-06
2.34406e-06
2.34406e-06
2.34406e-06
2.34406e-06
2.34406e-06
2.34406e-06
2.34406e-06
2.34406e-06
2.34406e-06
2.34406e-06
2.34406e-06
2.34406e-06
2.34406e-06
2.34406e-06
2.34406e-06
2.34406e-06
2.34406e-06
2.34406e-06
2.34406e-06
2.34406e-06
2.34406e-06
2.34406e-06
2.34406e-06
2.34406e-06
2.34406e-06
2.34406e-06
2.34406e-06
2.34406e-06
2.34406e-06
2.34406e-06
2.34406e-06
2.34406e-06
2.34406e-06
2.34406e-06
2.34406e-06
2.34406e-06
2.34406e-06
2.34406e-06
2.34406e-06
2.34406e-06
2.34406e-06
2.34406e-06
2.34406e-06
2.34406e-06
2.34406e-06
4.11695e-06
4.11695e-06
4.11695e-06
4.11695e-06
4.11695e-06
4.11695e-06
4.11695e-06
4.11695e-06
4.11695e-06
4.11695e-06
4.11695e-06
4.11695e-06
4.11695e-06
4.11695e-06
4.11695e-06
4.11695e-06
4.11695e-06
4.11695e-06
4.11695e-06
4.11695e-06
4.11695e-06
4.11695e-06
4.11695e-06
4.11695e-06
4.11695e-06
4.11695e-06
4.11695e-06
4.11695e-06
4.11695e-06
4.11695e-06
4.11695e-06
4.11695e-06
4.11695e-06
4.11695e-06
4.11695e-06
4.11695e-06
4.11695e-06
4.11695e-06
4.11695e-06
4.11695e-06
4.11695e-06
4.11695e-06
4.11695e-06
4.11695e-06
4.11695e-06
4.11695e-06
4.11695e-06
4.11695e-06
4.11695e-06
4.11695e-06
4.11695e-06
4.11695e-06
4.11695e-06
4.11695e-06
4.11695e-06
4.11695e-06
4.11695e-06
4.11695e-06
4.11695e-06
4.11695e-06
2.20111e-06
2.20111e-06
2.20111e-06
2.20111e-06
2.20111e-06
2.20111e-06
2.20111e-06
2.20111e-06
2.20111e-06
2.20111e-06
2.20111e-06
2.20111e-06
2.20111e-06
2.20111e-06
2.20111e-06
2.20111e-06
2.20111e-06
2.20111e-06
2.20111e-06
2.20111e-06
2.20111e-06
2.20111e-06
2.20111e-06
2.20111e-06
2.20111e-06
3.0966e-06
3.0966e-06
3.0966e-06
3.0966e-06
4.08309e-06
4.08309e-06
4.08309e-06
4.08309e-06
4.08309e-06
4.08309e-06
4.08309e-06
4.08309e-06
4.08309e-06
4.08309e-06
4.08309e-06
4.08309e-06
4.08309e-06
4.08309e-06
4.08309e-06
4.08309e-06
4.08309e-06
4.08309e-06
4.08309e-06
4.08309e-06
4.08309e-06
4.08309e-06
4.08309e-06
4.08309e-06
4.08309e-06
4.08309e-06
4.08309e-06
4.08309e-06
4.08309e-06
4.08309e-06
4.08309e-06
4.08309e-06
4.08309e-06
4.08309e-06
4.08309e-06
4.08309e-06
4.08309e-06
4.08309e-06
4.08309e-06
4.08309e-06
4.08309e-06
4.08309e-06
4.08309e-06
4.08309e-06
4.08309e-06
4.08309e-06
4.08309e-06
4.08309e-06
4.08309e-06
4.08309e-06
4.08309e-06
4.08309e-06
4.08309e-06
4.08309e-06
4.08309e-06
4.08309e-06
4.08309e-06
4.08309e-06
4.04388e-06
4.04388e-06
4.04388e-06
4.04388e-06
4.04388e-06
4.04388e-06
4.04388e-06
4.04388e-06
4.04388e-06
4.04388e-06
4.04388e-06
4.04388e-06
2.60458e-06
2.60458e-06
2.60458e-06
2.60458e-06
2.60458e-06
2.60458e-06
3.24902e-06
3.24902e-06
3.24902e-06
3.24902e-06
3.24902e-06
3.24902e-06
3.24902e-06
3.24902e-06
3.24902e-06
3.24902e-06
3.24902e-06
3.24902e-06
3.24902e-06
3.24902e-06
3.24902e-06
3.24902e-06
3.24902e-06
3.24902e-06
3.24902e-06
3.24902e-06
3.24902e-06
3.24902e-06
3.24902e-06
3.24902e-06
3.24902e-06
3.24902e-06
3.24902e-06
3.24902e-06
3.24902e-06
3.24902e-06
3.24902e-06
3.24902e-06
3.24902e-06
3.24902e-06
3.24902e-06
3.24902e-06
3.24902e-06
3.24902e-06
3.24902e-06
3.24902e-06
3.24902e-06
3.24902e-06
3.24902e-06
3.24902e-06
3.24902e-06
3.24902e-06
3.24902e-06
3.24902e-06
3.24902e-06
3.24902e-06
3.24902e-06
3.24902e-06
3.24902e-06
3.24902e-06
3.24902e-06
3.24902e-06
3.80516e-06
3.80516e-06
3.80516e-06
3.80516e-06
3.80516e-06
3.80516e-06
3.80516e-06
3.80516e-06
3.80516e-06
3.80516e-06
3.80516e-06
3.80516e-06
3.80516e-06
4.02803e-06
4.02803e-06
4.02803e-06
4.02803e-06
4.02803e-06
4.02803e-06
4.02803e-06
2.65293e-06
2.65293e-06
2.65293e-06
2.65293e-06
2.65293e-06
2.65293e-06
2.65293e-06
2.65293e-06
3.5043e-06
3.5043e-06
3.5043e-06
3.5043e-06
3.5043e-06
3.53675e-06
3.53675e-06
3.53675e-06
3.53675e-06
2.31372e-06
2.31372e-06
2.31372e-06
2.31372e-06
2.31372e-06
2.31372e-06
2.31372e-06
2.31372e-06
2.31372e-06
2.31372e-06
2.31372e-06
2.31372e-06
2.31372e-06
2.31372e-06
2.31372e-06
2.31372e-06
2.31372e-06
2.31372e-06
2.31372e-06
2.31372e-06
2.31372e-06
2.31372e-06
2.31372e-06
2.31372e-06
2.31372e-06
2.31372e-06
2.31372e-06
2.31372e-06
2.31372e-06
2.31372e-06
2.31372e-06
2.31372e-06
2.31372e-06
2.31372e-06
2.31372e-06
2.31372e-06
2.31372e-06
2.31372e-06
2.31372e-06
2.31372e-06
2.31372e-06
2.31372e-06
2.31372e-06
2.31372e-06
2.31372e-06
2.31372e-06
2.31372e-06
2.31372e-06
2.31372e-06
2.31372e-06
2.31372e-06
2.31372e-06
2.31372e-06
3.17177e-06
3.17177e-06
3.17177e-06
3.17177e-06
3.17177e-06
3.17177e-06
3.17177e-06
3.17177e-06
3.17177e-06
3.89253e-06
3.89253e-06
3.89253e-06
3.89253e-06
3.89253e-06
3.89253e-06
2.19253e-06
2.19253e-06
2.19253e-06
2.19253e-06
2.19253e-06
2.19253e-06
2.19253e-06
2.19253e-06
2.19253e-06
2.19253e-06
2.19253e-06
2.19253e-06
2.19253e-06
2.19253e-06
2.19253e-06
2.19253e-06
2.19253e-06
2.19253e-06
2.19253e-06
2.19253e-06
2.19253e-06
2.19253e-06
2.19253e-06
2.19253e-06
1.98972e-06
1.98972e-06
1.98972e-06
1.98972e-06
1.98972e-06
1.98972e-06
1.98972e-06
1.98972e-06
1.98972e-06
1.98972e-06
1.98972e-06
1.98972e-06
2.51813e-06
2.51813e-06
2.51813e-06
2.51813e-06
2.51813e-06
2.51813e-06
2.51813e-06
2.51813e-06
2.51813e-06
2.51813e-06
2.51813e-06
2.51813e-06
2.51813e-06
2.51813e-06
2.51813e-06
2.51813e-06
2.51813e-06
2.51813e-06
2.51813e-06
2.51813e-06
2.51813e-06
2.51813e-06
2.51813e-06
2.51813e-06
2.51813e-06
2.51813e-06
2.51813e-06
2.51813e-06
2.51813e-06
2.51813e-06
2.51813e-06
2.51813e-06
2.51813e-06
2.51813e-06
2.51813e-06
2.51813e-06
2.51813e-06
2.51813e-06
2.51813e-06
2.51813e-06
2.51813e-06
2.51813e-06
2.51813e-06
2.51813e-06
2.51813e-06
3.88554e-06
3.88554e-06
3.88554e-06
3.88554e-06
3.88554e-06
3.88554e-06
3.88554e-06
3.88554e-06
3.88554e-06
3.88554e-06
3.88554e-06
3.88554e-06
3.88554e-06
3.88554e-06
3.88554e-06
3.88554e-06
3.88554e-06
3.88554e-06
2.55709e-06
2.55709e-06
2.55709e-06
2.55709e-06
2.55709e-06
2.55709e-06
2.55709e-06
2.55709e-06
2.55709e-06
2.55709e-06
2.55709e-06
2.55709e-06
2.55709e-06
2.55709e-06
2.55709e-06
2.55709e-06
2.55709e-06
2.55709e-06
2.55709e-06
2.55709e-06
2.55709e-06
2.55709e-06
2.55709e-06
2.55709e-06
2.55709e-06
2.55709e-06
2.55709e-06
2.55709e-06
2.55709e-06
2.55709e-06
2.55709e-06
2.55709e-06
2.55709e-06
2.55709e-06
2.55709e-06
2.55709e-06
2.55709e-06
2.55709e-06
2.55709e-06
2.55709e-06
2.55709e-06
2.55709e-06
2.55709e-06
2.55709e-06
3.68784e-06
3.68784e-06
3.68784e-06
3.68784e-06
3.68784e-06
3.68784e-06
3.68784e-06
3.68784e-06
3.68784e-06
3.68784e-06
3.68784e-06
3.68784e-06
3.68784e-06
3.68784e-06
3.68784e-06
3.68784e-06
3.68784e-06
3.68784e-06
3.68784e-06
3.68784e-06
3.68784e-06
3.68784e-06
3.68784e-06
3.68784e-06
3.68784e-06
3.68784e-06
3.68784e-06
3.68784e-06
3.68784e-06
3.68784e-06
3.68784e-06
3.68784e-06
3.68784e-06
3.68784e-06
3.68784e-06
3.68784e-06
3.68784e-06
3.68784e-06
3.68784e-06
3.68784e-06
3.68784e-06
3.68784e-06
3.68784e-06
3.68784e-06
3.68784e-06
3.68784e-06
3.68784e-06
3.68784e-06
3.68784e-06
2.95346e-06
2.95346e-06
2.95346e-06
2.95346e-06
2.01933e-06
2.01933e-06
2.01933e-06
2.01933e-06
2.01933e-06
2.01933e-06
2.01933e-06
2.01933e-06
2.06573e-06
2.06573e-06
2.06573e-06
2.06573e-06
2.06573e-06
2.40802e-06
2.40802e-06
2.40802e-06
2.40802e-06
2.41338e-06
2.41338e-06
2.41338e-06
2.41338e-06
2.41338e-06
2.41338e-06
2.41338e-06
2.41338e-06
2.41338e-06
2.41338e-06
2.41338e-06
2.41338e-06
2.41338e-06
2.41338e-06
2.41338e-06
2.41338e-06
2.41338e-06
2.41338e-06
2.41338e-06
2.41338e-06
2.41338e-06
2.41338e-06
2.41338e-06
2.41338e-06
2.41338e-06
2.41338e-06
2.41338e-06
2.41338e-06
2.41338e-06
2.41338e-06
2.41338e-06
2.41338e-06
2.41338e-06
2.41338e-06
2.41338e-06
2.41338e-06
2.41338e-06
2.41338e-06
2.41338e-06
2.41338e-06
2.41338e-06
2.41338e-06
2.41338e-06
2.41338e-06
2.41338e-06
2.41338e-06
2.41338e-06
2.41338e-06
2.41338e-06
2.41338e-06
2.41338e-06
2.41338e-06
2.41338e-06
2.41338e-06
2.41338e-06
2.41338e-06
2.41338e-06
2.41338e-06
2.41338e-06
2.41338e-06
2.57159e-06
2.57159e-06
2.57159e-06
2.57159e-06
2.57159e-06
2.57159e-06
1.96587e-06
1.96587e-06
1.96587e-06
1.96587e-06
1.96587e-06
1.96587e-06
1.96587e-06
1.96587e-06
1.96587e-06
1.96587e-06
1.96587e-06
1.96587e-06
1.96587e-06
1.96587e-06
1.96587e-06
1.96587e-06
1.96587e-06
1.96587e-06
1.96587e-06
1.96587e-06
1.96587e-06
1.96587e-06
1.96587e-06
1.96587e-06
1.96587e-06
1.96587e-06
1.96587e-06
1.96587e-06
1.96587e-06
1.96587e-06
1.96587e-06
1.96587e-06
1.96587e-06
1.96587e-06
1.96587e-06
1.96587e-06
1.96587e-06
3.27048e-06
3.27048e-06
3.27048e-06
3.27048e-06
3.27048e-06
3.27048e-06
1.91047e-06
1.91047e-06
1.91047e-06
1.91047e-06
1.91047e-06
1.91047e-06
1.91047e-06
1.91047e-06
2.93977e-06
2.93977e-06
2.93977e-06
2.93977e-06
2.93977e-06
2.93977e-06
2.93977e-06
2.93977e-06
2.93977e-06
2.93977e-06
2.93977e-06
2.93977e-06
2.93977e-06
2.93977e-06
2.93977e-06
2.93977e-06
2.93977e-06
2.93977e-06
2.93977e-06
2.93977e-06
2.93977e-06
2.93977e-06
2.93977e-06
2.93977e-06
2.93977e-06
2.93977e-06
2.93977e-06
2.93977e-06
2.93977e-06
2.93977e-06
2.93977e-06
2.93977e-06
2.93977e-06
2.93977e-06
2.93977e-06
2.93977e-06
2.93977e-06
2.93977e-06
2.93977e-06
2.93977e-06
2.93977e-06
2.93977e-06
2.93977e-06
2.93977e-06
2.93977e-06
2.93977e-06
2.93977e-06
2.93977e-06
2.93977e-06
2.93977e-06
2.93977e-06
2.93977e-06
2.93977e-06
2.93977e-06
2.93977e-06
2.93977e-06
2.93977e-06
2.93977e-06
2.93977e-06
2.93977e-06
2.93977e-06
2.93977e-06
2.93977e-06
2.93977e-06
2.93977e-06
2.93977e-06
2.93977e-06
2.93977e-06
2.93977e-06
2.93977e-06
2.93977e-06
2.93977e-06
2.93977e-06
2.93977e-06
2.93977e-06
2.93977e-06
2.93977e-06
2.93977e-06
3.40394e-06
3.40394e-06
3.40394e-06
3.40394e-06
3.40394e-06
3.40394e-06
3.40394e-06
3.40394e-06
3.40394e-06
3.40394e-06
3.40394e-06
3.40394e-06
3.40394e-06
3.40394e-06
3.40394e-06
3.40394e-06
3.40394e-06
3.40394e-06
3.40394e-06
3.40394e-06
3.40394e-06
3.40394e-06
3.40394e-06
3.40394e-06
3.40394e-06
3.40394e-06
3.40394e-06
3.40394e-06
3.40394e-06
3.40394e-06
3.40394e-06
3.40394e-06
3.40394e-06
3.40394e-06
3.40394e-06
3.40394e-06
3.40394e-06
3.40394e-06
3.40394e-06
3.40394e-06
3.40394e-06
3.40394e-06
3.40394e-06
3.40394e-06
3.40394e-06
3.40394e-06
3.40394e-06
3.40394e-06
3.40394e-06
3.40394e-06
3.40394e-06
3.40394e-06
3.40394e-06
3.40394e-06
3.40394e-06
3.40394e-06
3.40394e-06
3.40394e-06
3.40394e-06
3.40394e-06
3.40394e-06
3.40394e-06
3.40394e-06
3.40394e-06
3.40394e-06
3.40394e-06
3.40394e-06
3.40394e-06
3.40394e-06
3.40394e-06
3.40394e-06
3.40394e-06
3.40394e-06
3.40394e-06
3.40394e-06
3.40394e-06
3.40394e-06
3.40394e-06
3.40394e-06
3.40394e-06
3.40394e-06
3.40394e-06
3.40394e-06
3.40394e-06
3.40394e-06
3.40394e-06
3.40394e-06
3.40394e-06
3.40394e-06
3.40394e-06
3.40394e-06
3.40394e-06
3.40394e-06
3.40394e-06
3.40394e-06
3.40394e-06
3.40394e-06
3.40394e-06
3.40394e-06
3.40394e-06
3.40394e-06
3.40394e-06
3.40394e-06
3.40394e-06
3.40394e-06
3.40394e-06
3.40394e-06
3.40394e-06
3.40394e-06
3.40394e-06
3.40394e-06
3.40394e-06
3.40394e-06
3.40394e-06
3.40394e-06
3.40394e-06
3.40394e-06
3.40394e-06
3.40394e-06
3.40394e-06
3.40394e-06
3.40394e-06
3.40394e-06
3.40394e-06
3.40394e-06
3.40394e-06
3.40394e-06
3.40394e-06
3.40394e-06
3.40394e-06
3.40394e-06
3.40394e-06
3.40394e-06
3.40394e-06
3.40394e-06
3.40394e-06
3.40394e-06
3.40394e-06
3.40394e-06
3.40394e-06
3.40394e-06
3.40394e-06
3.40394e-06
3.40394e-06
3.40394e-06
3.40394e-06
3.40394e-06
3.40394e-06
3.40394e-06
3.40394e-06
3.40394e-06
3.40394e-06
3.40394e-06
3.40394e-06
3.40394e-06
3.40394e-06
3.40394e-06
3.40394e-06
3.40394e-06
3.40394e-06
3.40394e-06
3.40394e-06
3.40394e-06
3.40394e-06
3.40394e-06
3.40394e-06
3.40394e-06
3.40394e-06
3.40394e-06
3.40394e-06
3.40394e-06
3.40394e-06
3.40394e-06
3.40394e-06
3.40394e-06
3.40394e-06
3.40394e-06
3.40394e-06
3.40394e-06
3.40394e-06
3.40394e-06
3.40394e-06
3.40394e-06
3.40394e-06
3.40394e-06
3.40394e-06
3.40394e-06
3.40394e-06
3.40394e-06
3.40394e-06
3.40394e-06
3.40394e-06
3.40394e-06
3.40394e-06
3.40394e-06
3.40394e-06
3.40394e-06
3.40394e-06
3.40394e-06
3.40394e-06
3.40394e-06
3.40394e-06
3.40394e-06
3.40394e-06
3.40394e-06
3.40394e-06
3.40394e-06
3.40394e-06
3.40394e-06
3.40394e-06
3.40394e-06
3.40394e-06
3.40394e-06
3.40394e-06
3.40394e-06
2.03093e-06
2.03093e-06
2.03093e-06
2.03093e-06
2.03093e-06
2.52245e-06
2.52245e-06
2.52245e-06
2.52245e-06
3.75423e-06
3.75423e-06
3.75423e-06
3.75423e-06
3.75423e-06
3.38429e-06
3.38429e-06
3.38429e-06
3.38429e-06
3.38429e-06
3.38429e-06
3.38429e-06
3.38429e-06
3.46941e-06
3.46941e-06
3.46941e-06
3.46941e-06
3.46941e-06
3.46941e-06
3.46941e-06
3.46941e-06
3.46941e-06
3.46941e-06
3.46941e-06
3.46941e-06
3.46941e-06
3.46941e-06
3.46941e-06
3.46941e-06
3.46941e-06
3.46941e-06
3.46941e-06
3.46941e-06
3.46941e-06
3.46941e-06
3.46941e-06
3.46941e-06
3.46941e-06
3.46941e-06
3.46941e-06
3.46941e-06
3.46941e-06
3.46941e-06
3.46941e-06
3.46941e-06
3.46941e-06
3.46941e-06
3.46941e-06
3.46941e-06
3.46941e-06
3.46941e-06
3.46941e-06
3.46941e-06
3.46941e-06
3.46941e-06
3.46941e-06
3.46941e-06
3.46941e-06
3.46941e-06
3.46941e-06
3.46941e-06
3.46941e-06
3.46941e-06
3.46941e-06
3.46941e-06
3.46941e-06
3.46941e-06
3.46941e-06
3.46941e-06
3.46941e-06
3.46941e-06
3.46941e-06
3.46941e-06
3.46941e-06
3.46941e-06
3.46941e-06
3.46941e-06
3.46941e-06
3.46941e-06
3.46941e-06
3.46941e-06
2.98729e-06
2.98729e-06
2.98729e-06
2.98729e-06
2.98729e-06
2.98729e-06
2.98729e-06
2.98729e-06
2.98729e-06
2.98729e-06
2.98729e-06
2.98729e-06
2.98729e-06
2.98729e-06
2.98729e-06
2.98729e-06
2.98729e-06
2.98729e-06
2.98729e-06
2.98729e-06
2.98729e-06
2.98729e-06
2.98729e-06
2.98729e-06
2.98729e-06
2.98729e-06
2.98729e-06
2.98729e-06
2.98729e-06
2.98729e-06
2.98729e-06
2.98729e-06
2.98729e-06
2.98729e-06
2.98729e-06
2.98729e-06
2.98729e-06
2.98729e-06
2.98729e-06
2.98729e-06
2.98729e-06
2.98729e-06
2.98729e-06
2.98729e-06
2.98729e-06
2.98729e-06
2.98729e-06
2.98729e-06
2.98729e-06
2.98729e-06
2.98729e-06
2.98729e-06
2.98729e-06
2.98729e-06
2.98729e-06
2.98729e-06
2.98729e-06
2.98729e-06
2.98729e-06
2.98729e-06
2.98729e-06
2.98729e-06
2.98729e-06
2.98729e-06
2.98729e-06
2.98729e-06
2.98729e-06
2.98729e-06
2.98729e-06
2.98729e-06
2.98729e-06
2.98729e-06
2.98729e-06
2.98729e-06
2.98729e-06
2.98729e-06
2.98729e-06
2.98729e-06
2.98729e-06
2.98729e-06
2.98729e-06
2.98729e-06
2.98729e-06
2.98729e-06
2.98729e-06
2.98729e-06
2.98729e-06
2.98729e-06
2.98729e-06
2.98729e-06
2.98729e-06
2.98729e-06
2.98729e-06
2.98729e-06
2.98729e-06
2.98729e-06
2.98729e-06
2.98729e-06
2.98729e-06
2.98729e-06
2.98729e-06
2.98729e-06
2.98729e-06
2.98729e-06
2.98729e-06
2.98729e-06
2.98729e-06
2.98729e-06
2.98729e-06
2.98729e-06
2.98729e-06
2.98729e-06
2.98729e-06
2.98729e-06
2.98729e-06
2.98729e-06
2.98729e-06
2.98729e-06
2.98729e-06
2.98729e-06
2.98729e-06
2.98729e-06
2.98729e-06
2.98729e-06
2.98729e-06
2.98729e-06
2.98729e-06
2.98729e-06
2.98729e-06
2.98729e-06
2.98729e-06
2.98729e-06
2.98729e-06
2.98729e-06
2.98729e-06
2.98729e-06
2.98729e-06
2.98729e-06
2.98729e-06
2.98729e-06
2.98729e-06
2.98729e-06
2.98729e-06
2.98729e-06
2.98729e-06
2.98729e-06
2.98729e-06
2.98729e-06
3.92525e-06
3.92525e-06
3.92525e-06
3.92525e-06
2.03132e-06
2.03132e-06
2.03132e-06
2.03132e-06
2.03132e-06
2.03132e-06
2.03132e-06
2.03132e-06
2.99048e-06
2.99048e-06
2.99048e-06
2.99048e-06
2.99048e-06
2.86817e-06
2.86817e-06
2.86817e-06
2.86817e-06
2.86817e-06
2.22742e-06
2.22742e-06
2.22742e-06
2.22742e-06
2.22742e-06
2.22742e-06
2.22742e-06
2.22742e-06
2.22742e-06
2.22742e-06
2.22742e-06
2.22742e-06
2.22742e-06
4.05891e-06
4.05891e-06
4.05891e-06
4.05891e-06
2.33673e-06
2.33673e-06
2.33673e-06
2.33673e-06
2.33673e-06
2.33673e-06
2.68187e-06
2.68187e-06
2.68187e-06
2.68187e-06
2.68187e-06
2.68187e-06
2.68187e-06
2.68187e-06
2.68187e-06
2.68187e-06
2.68187e-06
2.68187e-06
2.68187e-06
2.68187e-06
2.68187e-06
2.68187e-06
2.68187e-06
2.68187e-06
3.67467e-06
3.67467e-06
3.67467e-06
3.67467e-06
3.67467e-06
3.67467e-06
3.67467e-06
3.67467e-06
3.67467e-06
3.67467e-06
1.9688e-06
1.9688e-06
1.9688e-06
1.9688e-06
1.9688e-06
1.9688e-06
1.9688e-06
1.9688e-06
1.9688e-06
1.9688e-06
1.9688e-06
1.9688e-06
1.9688e-06
1.9688e-06
1.9688e-06
1.9688e-06
1.9688e-06
1.9688e-06
1.9688e-06
1.9688e-06
1.9688e-06
1.9688e-06
1.9688e-06
1.9688e-06
1.9688e-06
1.9688e-06
3.51737e-06
3.51737e-06
3.51737e-06
3.51737e-06
3.51737e-06
2.81439e-06
2.81439e-06
2.81439e-06
2.81439e-06
2.81439e-06
3.01939e-06
3.01939e-06
3.01939e-06
3.01939e-06
3.01939e-06
3.01939e-06
3.01939e-06
3.01939e-06
3.01939e-06
3.01939e-06
3.01939e-06
3.01939e-06
3.01939e-06
3.01939e-06
3.01939e-06
3.01939e-06
3.01939e-06
3.01939e-06
3.01939e-06
3.01939e-06
3.01939e-06
3.01939e-06
3.01939e-06
3.01939e-06
3.01939e-06
2.88596e-06
2.88596e-06
2.88596e-06
2.88596e-06
2.88596e-06
2.88596e-06
2.88596e-06
2.88596e-06
2.88596e-06
2.3289e-06
2.3289e-06
2.3289e-06
2.3289e-06
2.3289e-06
2.3289e-06
2.3289e-06
2.3289e-06
2.3289e-06
2.3289e-06
2.3289e-06
3.08518e-06
3.08518e-06
3.08518e-06
3.08518e-06
3.8409e-06
3.8409e-06
3.8409e-06
3.8409e-06
3.8409e-06
3.8409e-06
3.8409e-06
3.8409e-06
3.8409e-06
3.8409e-06
3.8409e-06
3.8409e-06
3.8409e-06
3.8409e-06
3.8409e-06
3.8409e-06
3.8409e-06
3.8409e-06
3.8409e-06
3.8409e-06
3.8409e-06
3.8409e-06
3.8409e-06
3.8409e-06
3.8409e-06
3.8409e-06
3.8409e-06
3.8409e-06
3.8409e-06
3.8409e-06
3.8409e-06
3.8409e-06
2.91809e-06
2.91809e-06
2.91809e-06
2.91809e-06
2.91809e-06
2.91809e-06
2.91809e-06
2.91809e-06
2.91809e-06
2.91809e-06
2.91809e-06
2.91809e-06
2.91809e-06
2.91809e-06
2.91809e-06
2.91809e-06
2.91809e-06
2.91809e-06
2.91809e-06
2.91809e-06
2.91809e-06
2.91809e-06
2.91809e-06
2.91809e-06
2.91809e-06
2.91809e-06
2.91809e-06
2.91809e-06
2.91809e-06
2.91809e-06
2.91809e-06
2.91809e-06
2.91809e-06
2.91809e-06
2.91809e-06
2.91809e-06
2.91809e-06
2.91809e-06
2.91809e-06
2.91809e-06
2.91809e-06
2.91809e-06
2.91809e-06
2.91809e-06
2.91809e-06
2.91809e-06
2.91809e-06
2.91809e-06
2.91809e-06
2.91809e-06
2.91809e-06
2.91809e-06
2.91809e-06
2.91809e-06
2.91809e-06
2.91809e-06
2.91809e-06
2.91809e-06
2.91809e-06
2.65869e-06
2.65869e-06
2.62848e-06
2.62848e-06
2.62848e-06
2.62848e-06
2.62848e-06
2.62848e-06
2.62848e-06
2.62848e-06
2.62848e-06
3.29326e-06
3.29326e-06
3.29326e-06
3.29326e-06
3.29326e-06
3.29326e-06
3.29326e-06
1.93632e-06
1.93632e-06
1.93632e-06
1.93632e-06
1.93632e-06
1.93632e-06
1.93632e-06
1.93632e-06
1.93632e-06
1.93632e-06
3.44293e-06
3.44293e-06
3.44293e-06
3.44293e-06
3.44293e-06
3.44293e-06
3.44293e-06
3.44293e-06
3.44293e-06
3.39549e-06
3.39549e-06
3.39549e-06
3.39549e-06
3.39549e-06
3.39549e-06
3.39549e-06
3.39549e-06
3.39549e-06
2.79421e-06
2.79421e-06
2.79421e-06
2.79421e-06
2.79421e-06
2.79421e-06
2.79421e-06
2.79421e-06
2.79421e-06
2.79421e-06
2.79388e-06
2.79388e-06
2.79388e-06
2.79388e-06
2.79388e-06
2.79388e-06
2.79388e-06
3.13767e-06
3.13767e-06
3.13767e-06
3.13767e-06
3.13767e-06
3.13767e-06
3.13767e-06
3.13767e-06
3.13767e-06
1.94074e-06
1.94074e-06
1.94074e-06
1.94074e-06
1.94074e-06
1.94074e-06
1.90821e-06
1.90821e-06
1.90821e-06
1.90821e-06
1.90821e-06
1.90821e-06
1.90821e-06
1.90821e-06
1.90821e-06
1.90821e-06
2.03396e-06
2.03396e-06
2.03396e-06
2.03396e-06
2.03396e-06
2.03396e-06
2.03396e-06
2.03396e-06
2.28406e-06
2.28406e-06
2.28406e-06
2.28406e-06
2.28406e-06
2.28406e-06
2.28406e-06
2.28406e-06
2.28406e-06
2.28406e-06
2.28406e-06
2.89668e-06
2.89668e-06
2.89668e-06
2.89668e-06
2.89668e-06
2.89668e-06
2.89668e-06
2.89668e-06
2.89668e-06
3.79814e-06
3.79814e-06
3.79814e-06
3.79814e-06
3.79814e-06
3.79814e-06
3.79814e-06
3.28694e-06
3.28694e-06
3.28694e-06
3.28694e-06
3.28694e-06
3.28694e-06
3.28694e-06
1.93344e-06
1.93344e-06
1.93344e-06
1.93344e-06
1.93344e-06
1.93344e-06
1.93344e-06
2.91208e-06
2.91208e-06
2.91208e-06
2.91208e-06
2.91208e-06
2.91208e-06
2.91208e-06
2.91208e-06
3.81506e-06
3.81506e-06
3.81506e-06
3.81506e-06
3.81506e-06
3.81506e-06
3.81506e-06
3.81506e-06
3.78708e-06
3.78708e-06
3.78708e-06
3.78708e-06
3.78708e-06
3.78708e-06
3.78708e-06
3.78708e-06
3.78708e-06
3.13698e-06
3.13698e-06
3.13698e-06
3.13698e-06
3.13698e-06
3.13698e-06
3.13698e-06
1.92499e-06
1.92499e-06
1.92499e-06
1.92499e-06
1.92499e-06
1.92499e-06
1.92499e-06
1.92499e-06
1.92499e-06
1.92499e-06
1.92499e-06
1.92499e-06
3.54441e-06
3.54441e-06
3.54441e-06
3.54441e-06
3.54441e-06
3.54441e-06
3.54441e-06
3.54441e-06
2.46826e-06
2.46826e-06
2.46826e-06
2.46826e-06
2.46826e-06
2.46826e-06
3.73356e-06
3.73356e-06
3.73356e-06
3.73356e-06
3.73356e-06
3.73356e-06
3.73356e-06
3.73356e-06
3.73356e-06
3.79836e-06
3.79836e-06
3.79836e-06
3.79836e-06
3.79836e-06
3.79836e-06
3.79836e-06
3.79836e-06
3.79836e-06
3.79836e-06
3.79836e-06
3.79836e-06
3.13908e-06
3.13908e-06
3.13908e-06
3.13908e-06
3.13908e-06
3.13908e-06
3.13908e-06
3.13908e-06
3.13908e-06
3.34046e-06
3.34046e-06
3.34046e-06
3.34046e-06
3.34046e-06
3.34046e-06
3.34046e-06
3.34046e-06
2.60315e-06
2.60315e-06
2.60315e-06
2.60315e-06
2.60315e-06
2.60315e-06
2.60315e-06
2.60315e-06
3.45975e-06
3.45975e-06
3.45975e-06
3.45975e-06
3.45975e-06
3.45975e-06
3.45975e-06
3.45975e-06
3.45975e-06
3.84607e-06
3.84607e-06
3.84607e-06
3.84607e-06
3.84607e-06
3.84607e-06
3.03048e-06
3.03048e-06
3.03048e-06
3.03048e-06
3.03048e-06
3.03048e-06
3.03048e-06
3.03048e-06
3.07701e-06
3.07701e-06
3.07701e-06
3.07701e-06
3.07701e-06
3.07701e-06
2.14242e-06
2.14242e-06
2.14242e-06
2.14242e-06
2.14242e-06
2.14242e-06
2.14242e-06
2.14242e-06
2.14242e-06
3.36812e-06
3.36812e-06
3.36812e-06
3.36812e-06
3.36812e-06
3.36812e-06
3.36812e-06
3.47002e-06
3.47002e-06
3.47002e-06
3.47002e-06
3.47002e-06
3.47002e-06
3.47002e-06
3.47002e-06
3.47002e-06
3.47002e-06
2.8707e-06
2.8707e-06
2.8707e-06
2.8707e-06
2.8707e-06
2.8707e-06
2.8707e-06
2.8707e-06
2.8707e-06
2.8707e-06
3.25722e-06
3.25722e-06
3.25722e-06
3.25722e-06
3.25722e-06
3.25722e-06
3.53492e-06
3.53492e-06
3.53492e-06
3.53492e-06
3.53492e-06
3.53492e-06
3.53492e-06
3.53492e-06
3.53492e-06
3.53492e-06
3.53492e-06
3.53492e-06
3.53492e-06
3.07835e-06
3.07835e-06
3.07835e-06
3.07835e-06
3.07835e-06
3.07835e-06
3.07835e-06
3.74412e-06
3.74412e-06
3.74412e-06
3.74412e-06
3.74412e-06
3.74412e-06
3.74412e-06
2.59736e-06
2.59736e-06
2.59736e-06
2.59736e-06
2.59736e-06
2.59736e-06
2.59736e-06
2.59736e-06
2.59736e-06
2.59736e-06
2.59736e-06
2.59736e-06
3.14167e-06
3.14167e-06
3.14167e-06
3.14167e-06
3.14167e-06
3.14167e-06
3.14167e-06
3.8386e-06
3.8386e-06
3.8386e-06
3.8386e-06
3.8386e-06
3.8386e-06
3.8386e-06
3.8386e-06
3.8386e-06
3.53443e-06
3.53443e-06
3.53443e-06
3.53443e-06
3.53443e-06
3.53443e-06
3.53443e-06
3.53443e-06
3.53443e-06
1.9673e-06
1.9673e-06
1.9673e-06
1.9673e-06
1.9673e-06
1.9673e-06
1.9673e-06
4.07743e-06
4.07743e-06
4.07743e-06
4.07743e-06
4.07743e-06
4.07743e-06
4.07743e-06
2.90068e-06
2.90068e-06
2.90068e-06
2.90068e-06
2.90068e-06
2.90068e-06
2.90068e-06
2.90068e-06
2.90068e-06
2.90068e-06
3.83971e-06
3.83971e-06
3.83971e-06
3.83971e-06
3.83971e-06
3.83971e-06
3.83971e-06
3.83971e-06
3.83971e-06
3.53448e-06
3.53448e-06
3.53448e-06
3.53448e-06
3.53448e-06
3.53448e-06
3.51542e-06
3.51542e-06
3.51542e-06
3.51542e-06
3.51542e-06
3.51542e-06
3.51542e-06
3.05812e-06
3.05812e-06
3.05812e-06
3.05812e-06
3.05812e-06
3.05812e-06
3.05812e-06
3.05812e-06
3.05812e-06
3.05812e-06
3.05812e-06
2.61168e-06
2.61168e-06
2.61168e-06
2.61168e-06
2.61168e-06
2.61168e-06
2.61168e-06
2.96502e-06
2.96502e-06
2.96502e-06
2.96502e-06
2.96502e-06
2.96502e-06
2.96502e-06
2.96502e-06
2.34036e-06
2.34036e-06
2.34036e-06
2.34036e-06
2.34036e-06
2.34036e-06
2.34036e-06
2.34036e-06
2.34036e-06
3.56953e-06
3.56953e-06
3.56953e-06
3.56953e-06
3.56953e-06
3.56953e-06
3.56953e-06
3.56953e-06
2.5756e-06
2.5756e-06
2.5756e-06
2.5756e-06
2.5756e-06
2.5756e-06
2.5756e-06
2.5756e-06
3.80091e-06
3.80091e-06
3.80091e-06
3.80091e-06
3.80091e-06
3.80091e-06
3.80091e-06
3.80091e-06
3.80091e-06
2.96435e-06
2.96435e-06
2.96435e-06
2.96435e-06
2.96435e-06
2.96435e-06
2.96435e-06
2.96435e-06
2.96435e-06
2.96435e-06
2.96435e-06
2.5743e-06
2.5743e-06
2.5743e-06
2.5743e-06
2.5743e-06
2.5743e-06
2.5743e-06
2.5743e-06
2.5743e-06
2.81487e-06
2.81487e-06
2.81487e-06
2.81487e-06
2.81487e-06
2.81487e-06
2.81487e-06
2.81487e-06
2.81487e-06
2.81487e-06
4.01865e-06
4.01865e-06
4.01865e-06
4.01865e-06
4.01865e-06
4.01865e-06
4.01865e-06
4.01865e-06
4.01865e-06
3.5151e-06
3.5151e-06
3.5151e-06
3.5151e-06
3.5151e-06
3.5151e-06
3.5151e-06
3.5151e-06
4.0444e-06
4.0444e-06
4.0444e-06
4.0444e-06
4.0444e-06
4.0444e-06
4.0444e-06
4.07024e-06
4.07024e-06
4.07024e-06
4.07024e-06
4.07024e-06
4.07024e-06
4.07024e-06
3.70011e-06
3.70011e-06
3.70011e-06
3.70011e-06
3.70011e-06
3.70011e-06
3.70011e-06
3.01365e-06
3.01365e-06
3.01365e-06
3.01365e-06
3.01365e-06
3.01365e-06
3.01365e-06
3.84764e-06
3.84764e-06
3.84764e-06
3.84764e-06
3.84764e-06
3.84764e-06
3.84764e-06
2.88214e-06
2.88214e-06
2.88214e-06
2.88214e-06
2.88214e-06
2.88214e-06
2.88214e-06
2.88214e-06
2.88214e-06
2.88214e-06
2.88214e-06
2.88214e-06
3.58043e-06
3.58043e-06
3.58043e-06
3.58043e-06
3.58043e-06
3.58043e-06
3.58043e-06
3.58043e-06
3.58043e-06
3.58043e-06
3.31367e-06
3.31367e-06
3.31367e-06
3.31367e-06
3.31367e-06
3.31367e-06
3.31367e-06
